2026-03-04 18:32:13 | INFO | Execução Inicial — 04/03/2026 18:32:13
2026-03-04 18:32:13 | INFO | tickers_atuais — iniciado
2026-03-04 18:32:13 | INFO | tickers_atuais — 503 tickers obtidos
2026-03-04 18:32:13 | INFO | tickers_atuais (0.2s) — 503 tickers obtidos
2026-03-04 18:32:13 | INFO | features_mk1 — iniciado
2026-03-04 18:32:24 | INFO | features_mk1 — 501 tickers | 27 features geradas | 623525 linhas
2026-03-04 18:32:24 | WARNING | features_mk1 — 269179 valor(es) nulo(s) no dataset final (esperado para janelas de rolling)
2026-03-04 18:32:24 | INFO | features_mk1 (11.0s)
2026-03-04 18:32:24 | INFO | treino_mk1 — iniciado
2026-03-04 18:32:28 | WARNING | treinamento — [BRK.B] dados insuficientes (0 linhas), ticker ignorado
2026-03-04 18:33:28 | WARNING | treinamento — [FISV] dados insuficientes (0 linhas), ticker ignorado
2026-03-04 18:33:40 | WARNING | treinamento — [Q] dados insuficientes (0 linhas), ticker ignorado
2026-03-04 18:34:04 | WARNING | treinamento — [BF.B] dados insuficientes (0 linhas), ticker ignorado
2026-03-04 18:34:13 | INFO | treino_mk1 — 499 modelos treinados | previsoes_mk1.csv salvo
2026-03-04 18:34:13 | INFO | treino_mk1 (109.0s)
2026-03-04 18:34:13 | INFO | backtest — iniciado
2026-03-04 18:34:13 | INFO | backtest (0.0s)
2026-03-04 18:34:13 | INFO | validar — iniciado
2026-03-04 18:34:13 | INFO | validar (0.0s)
2026-03-04 18:34:13 | INFO | Execução Final — tempo total: 120.3s
