2026-03-04 18:01:26 | INFO | ============================================================
2026-03-04 18:01:26 | INFO |   INÍCIO DA EXECUÇÃO — 04/03/2026 18:01:26
2026-03-04 18:01:26 | INFO | ============================================================
2026-03-04 18:01:26 | INFO | ▶ tickers_atuais — iniciando...
2026-03-04 18:01:26 | INFO |   tickers_atuais — 503 tickers obtidos
2026-03-04 18:01:26 | INFO | ✔ tickers_atuais (0.3s) — 503 tickers obtidos
2026-03-04 18:01:26 | INFO | ▶ extrator_acoes — iniciando...
2026-03-04 18:04:53 | INFO |   extrator_acoes — 503 ações extraídas com sucesso
2026-03-04 18:04:53 | INFO | ✔ extrator_acoes (207.2s)
2026-03-04 18:04:53 | INFO | ▶ extrator_historico — iniciando...
2026-03-04 18:04:56 | ERROR | $BRK.B: possibly delisted; no price data found  (period=5y) (Yahoo error = "No data found, symbol may be delisted")
2026-03-04 18:06:14 | ERROR | $BF.B: possibly delisted; no price data found  (period=5y)
2026-03-04 18:06:20 | INFO |   extrator_historico — 503 séries históricas obtidas
2026-03-04 18:06:23 | INFO | ✔ extrator_historico (89.6s)
2026-03-04 18:06:23 | INFO | ▶ process_serie — iniciando...
2026-03-04 18:06:25 | INFO |   process_serie — 623525 linhas brutas → 623525 linhas limpas | 501 tickers
2026-03-04 18:06:25 | INFO | ✔ process_serie (2.8s)
2026-03-04 18:06:25 | INFO | ▶ features_mk1 — iniciando...
2026-03-04 18:06:36 | INFO |   features_mk1 — 501 tickers | 27 features geradas | 623525 linhas
2026-03-04 18:06:37 | WARNING | ⚠ features_mk1 — 269179 valor(es) nulo(s) no dataset final (esperado para janelas de rolling)
2026-03-04 18:06:37 | INFO | ✔ features_mk1 (11.1s)
2026-03-04 18:06:37 | INFO | ▶ treino_mk1 — iniciando...
2026-03-04 18:06:38 | WARNING | ⚠ treino_mk1 — erro no ticker NVDA: Invalid classes inferred from unique values of `y`.  Expected: [0 1 2], got [-1  0  1]
2026-03-04 18:06:38 | WARNING | ⚠ treino_mk1 — erro no ticker AAPL: Invalid classes inferred from unique values of `y`.  Expected: [0 1], got [-1  0]
2026-03-04 18:06:38 | WARNING | ⚠ treino_mk1 — erro no ticker MSFT: Invalid classes inferred from unique values of `y`.  Expected: [0 1], got [-1  0]
2026-03-04 18:06:38 | WARNING | ⚠ treino_mk1 — erro no ticker AMZN: Invalid classes inferred from unique values of `y`.  Expected: [0 1 2], got [-1  0  1]
2026-03-04 18:06:38 | WARNING | ⚠ treino_mk1 — erro no ticker GOOGL: Invalid classes inferred from unique values of `y`.  Expected: [0 1 2], got [-1  0  1]
2026-03-04 18:06:38 | WARNING | ⚠ treino_mk1 — erro no ticker GOOG: Invalid classes inferred from unique values of `y`.  Expected: [0 1], got [-1  0]
2026-03-04 18:06:38 | WARNING | ⚠ treino_mk1 — erro no ticker META: Invalid classes inferred from unique values of `y`.  Expected: [0 1 2], got [-1  0  1]
2026-03-04 18:06:38 | WARNING | ⚠ treino_mk1 — erro no ticker TSLA: Invalid classes inferred from unique values of `y`.  Expected: [0 1 2], got [-1  0  1]
2026-03-04 18:06:38 | WARNING | ⚠ treino_mk1 — erro no ticker AVGO: Invalid classes inferred from unique values of `y`.  Expected: [0 1 2], got [-1  0  1]
2026-03-04 18:06:38 | WARNING | ⚠ treinamento — [BRK.B] dados insuficientes (0 linhas), ticker ignorado
2026-03-04 18:06:38 | WARNING | ⚠ treino_mk1 — erro no ticker WMT: Invalid classes inferred from unique values of `y`.  Expected: [0 1], got [-1  0]
2026-03-04 18:06:38 | WARNING | ⚠ treino_mk1 — erro no ticker LLY: Invalid classes inferred from unique values of `y`.  Expected: [0 1 2], got [-1  0  1]
2026-03-04 18:06:38 | WARNING | ⚠ treino_mk1 — erro no ticker JPM: Invalid classes inferred from unique values of `y`.  Expected: [0 1 2], got [-1  0  1]
2026-03-04 18:06:38 | WARNING | ⚠ treino_mk1 — erro no ticker XOM: Invalid classes inferred from unique values of `y`.  Expected: [0 1], got [-1  0]
2026-03-04 18:06:38 | WARNING | ⚠ treino_mk1 — erro no ticker V: Invalid classes inferred from unique values of `y`.  Expected: [0 1 2], got [-1  0  1]
2026-03-04 18:06:38 | WARNING | ⚠ treino_mk1 — erro no ticker JNJ: Invalid classes inferred from unique values of `y`.  Expected: [0 1], got [-1  0]
2026-03-04 18:06:38 | WARNING | ⚠ treino_mk1 — erro no ticker MA: Invalid classes inferred from unique values of `y`.  Expected: [0 1], got [-1  0]
2026-03-04 18:06:38 | WARNING | ⚠ treino_mk1 — erro no ticker MU: Invalid classes inferred from unique values of `y`.  Expected: [0 1 2], got [-1  0  1]
2026-03-04 18:06:38 | WARNING | ⚠ treino_mk1 — erro no ticker COST: Invalid classes inferred from unique values of `y`.  Expected: [0 1], got [-1  0]
2026-03-04 18:06:38 | WARNING | ⚠ treino_mk1 — erro no ticker ORCL: Invalid classes inferred from unique values of `y`.  Expected: [0 1 2], got [-1  0  1]
2026-03-04 18:06:38 | WARNING | ⚠ treino_mk1 — erro no ticker NFLX: Invalid classes inferred from unique values of `y`.  Expected: [0 1 2], got [-1  0  1]
2026-03-04 18:06:38 | WARNING | ⚠ treino_mk1 — erro no ticker ABBV: Invalid classes inferred from unique values of `y`.  Expected: [0 1], got [-1  0]
2026-03-04 18:06:38 | WARNING | ⚠ treino_mk1 — erro no ticker CVX: Invalid classes inferred from unique values of `y`.  Expected: [0 1], got [-1  0]
2026-03-04 18:06:38 | WARNING | ⚠ treino_mk1 — erro no ticker PG: Invalid classes inferred from unique values of `y`.  Expected: [0 1], got [-1  0]
2026-03-04 18:06:38 | WARNING | ⚠ treino_mk1 — erro no ticker PLTR: Invalid classes inferred from unique values of `y`.  Expected: [0 1 2], got [-1  0  1]
2026-03-04 18:06:38 | WARNING | ⚠ treino_mk1 — erro no ticker HD: Invalid classes inferred from unique values of `y`.  Expected: [0 1], got [-1  0]
2026-03-04 18:06:38 | WARNING | ⚠ treino_mk1 — erro no ticker BAC: Invalid classes inferred from unique values of `y`.  Expected: [0 1], got [-1  0]
2026-03-04 18:06:38 | WARNING | ⚠ treino_mk1 — erro no ticker GE: Invalid classes inferred from unique values of `y`.  Expected: [0 1], got [-1  0]
2026-03-04 18:06:38 | WARNING | ⚠ treino_mk1 — erro no ticker CAT: Invalid classes inferred from unique values of `y`.  Expected: [0 1], got [-1  0]
2026-03-04 18:06:38 | WARNING | ⚠ treino_mk1 — erro no ticker KO: Invalid classes inferred from unique values of `y`.  Expected: [0 1], got [-1  0]
2026-03-04 18:06:38 | WARNING | ⚠ treino_mk1 — erro no ticker AMD: Invalid classes inferred from unique values of `y`.  Expected: [0 1 2], got [-1  0  1]
2026-03-04 18:06:38 | WARNING | ⚠ treino_mk1 — erro no ticker CSCO: Invalid classes inferred from unique values of `y`.  Expected: [0 1], got [-1  0]
2026-03-04 18:06:38 | WARNING | ⚠ treino_mk1 — erro no ticker MRK: Invalid classes inferred from unique values of `y`.  Expected: [0 1], got [-1  0]
2026-03-04 18:06:38 | WARNING | ⚠ treino_mk1 — erro no ticker AMAT: Invalid classes inferred from unique values of `y`.  Expected: [0 1 2], got [-1  0  1]
2026-03-04 18:06:38 | WARNING | ⚠ treino_mk1 — erro no ticker LRCX: Invalid classes inferred from unique values of `y`.  Expected: [0 1 2], got [-1  0  1]
2026-03-04 18:06:38 | WARNING | ⚠ treino_mk1 — erro no ticker RTX: Invalid classes inferred from unique values of `y`.  Expected: [0 1], got [-1  0]
2026-03-04 18:06:38 | WARNING | ⚠ treino_mk1 — erro no ticker PM: Invalid classes inferred from unique values of `y`.  Expected: [0 1 2], got [-1  0  1]
2026-03-04 18:06:38 | WARNING | ⚠ treino_mk1 — erro no ticker MS: Invalid classes inferred from unique values of `y`.  Expected: [0 1 2], got [-1  0  1]
2026-03-04 18:06:38 | WARNING | ⚠ treino_mk1 — erro no ticker UNH: Invalid classes inferred from unique values of `y`.  Expected: [0 1], got [-1  0]
2026-03-04 18:06:38 | WARNING | ⚠ treino_mk1 — erro no ticker GS: Invalid classes inferred from unique values of `y`.  Expected: [0 1 2], got [-1  0  1]
2026-03-04 18:06:38 | WARNING | ⚠ treino_mk1 — erro no ticker WFC: Invalid classes inferred from unique values of `y`.  Expected: [0 1 2], got [-1  0  1]
2026-03-04 18:06:38 | WARNING | ⚠ treino_mk1 — erro no ticker TMUS: Invalid classes inferred from unique values of `y`.  Expected: [0 1 2], got [-1  0  1]
2026-03-04 18:06:38 | WARNING | ⚠ treino_mk1 — erro no ticker MCD: Invalid classes inferred from unique values of `y`.  Expected: [0 1], got [-1  0]
2026-03-04 18:06:38 | WARNING | ⚠ treino_mk1 — erro no ticker IBM: Invalid classes inferred from unique values of `y`.  Expected: [0 1 2], got [-1  0  1]
2026-03-04 18:06:38 | WARNING | ⚠ treino_mk1 — erro no ticker LIN: Invalid classes inferred from unique values of `y`.  Expected: [0 1], got [-1  0]
2026-03-04 18:06:38 | WARNING | ⚠ treino_mk1 — erro no ticker GEV: Invalid classes inferred from unique values of `y`.  Expected: [0 1 2], got [-1  0  1]
2026-03-04 18:06:38 | WARNING | ⚠ treino_mk1 — erro no ticker INTC: Invalid classes inferred from unique values of `y`.  Expected: [0 1 2], got [-1  0  1]
2026-03-04 18:06:38 | WARNING | ⚠ treino_mk1 — erro no ticker PEP: Invalid classes inferred from unique values of `y`.  Expected: [0 1], got [-1  0]
2026-03-04 18:06:38 | WARNING | ⚠ treino_mk1 — erro no ticker VZ: Invalid classes inferred from unique values of `y`.  Expected: [0 1], got [-1  0]
2026-03-04 18:06:38 | WARNING | ⚠ treino_mk1 — erro no ticker AXP: Invalid classes inferred from unique values of `y`.  Expected: [0 1 2], got [-1  0  1]
2026-03-04 18:06:38 | WARNING | ⚠ treino_mk1 — erro no ticker AMGN: Invalid classes inferred from unique values of `y`.  Expected: [0 1 2], got [-1  0  1]
2026-03-04 18:06:38 | WARNING | ⚠ treino_mk1 — erro no ticker T: Invalid classes inferred from unique values of `y`.  Expected: [0 1], got [-1  0]
2026-03-04 18:06:38 | WARNING | ⚠ treino_mk1 — erro no ticker ABT: Invalid classes inferred from unique values of `y`.  Expected: [0 1], got [-1  0]
2026-03-04 18:06:38 | WARNING | ⚠ treino_mk1 — erro no ticker C: Invalid classes inferred from unique values of `y`.  Expected: [0 1 2], got [-1  0  1]
2026-03-04 18:06:38 | WARNING | ⚠ treino_mk1 — erro no ticker KLAC: Invalid classes inferred from unique values of `y`.  Expected: [0 1], got [-1  0]
2026-03-04 18:06:38 | WARNING | ⚠ treino_mk1 — erro no ticker NEE: Invalid classes inferred from unique values of `y`.  Expected: [0 1], got [-1  0]
2026-03-04 18:06:38 | WARNING | ⚠ treino_mk1 — erro no ticker TMO: Invalid classes inferred from unique values of `y`.  Expected: [0 1], got [-1  0]
2026-03-04 18:06:38 | WARNING | ⚠ treino_mk1 — erro no ticker TXN: Invalid classes inferred from unique values of `y`.  Expected: [0 1], got [-1  0]
2026-03-04 18:06:38 | WARNING | ⚠ treino_mk1 — erro no ticker DIS: Invalid classes inferred from unique values of `y`.  Expected: [0 1 2], got [-1  0  1]
2026-03-04 18:06:38 | WARNING | ⚠ treino_mk1 — erro no ticker GILD: Invalid classes inferred from unique values of `y`.  Expected: [0 1 2], got [-1  0  1]
2026-03-04 18:06:38 | WARNING | ⚠ treino_mk1 — erro no ticker CRM: Invalid classes inferred from unique values of `y`.  Expected: [0 1 2], got [-1  0  1]
2026-03-04 18:06:38 | WARNING | ⚠ treino_mk1 — erro no ticker TJX: Invalid classes inferred from unique values of `y`.  Expected: [0 1], got [-1  0]
2026-03-04 18:06:38 | WARNING | ⚠ treino_mk1 — erro no ticker ISRG: Invalid classes inferred from unique values of `y`.  Expected: [0 1 2], got [-1  0  1]
2026-03-04 18:06:39 | WARNING | ⚠ treino_mk1 — erro no ticker BA: Invalid classes inferred from unique values of `y`.  Expected: [0 1], got [-1  0]
2026-03-04 18:06:39 | WARNING | ⚠ treino_mk1 — erro no ticker SCHW: Invalid classes inferred from unique values of `y`.  Expected: [0 1 2], got [-1  0  1]
2026-03-04 18:06:39 | WARNING | ⚠ treino_mk1 — erro no ticker DE: Invalid classes inferred from unique values of `y`.  Expected: [0 1], got [-1  0]
2026-03-04 18:06:39 | WARNING | ⚠ treino_mk1 — erro no ticker ADI: Invalid classes inferred from unique values of `y`.  Expected: [0 1 2], got [-1  0  1]
2026-03-04 18:06:39 | WARNING | ⚠ treino_mk1 — erro no ticker ANET: Invalid classes inferred from unique values of `y`.  Expected: [0 1 2], got [-1  0  1]
2026-03-04 18:06:39 | WARNING | ⚠ treino_mk1 — erro no ticker BLK: Invalid classes inferred from unique values of `y`.  Expected: [0 1 2], got [-1  0  1]
2026-03-04 18:06:39 | WARNING | ⚠ treino_mk1 — erro no ticker APH: Invalid classes inferred from unique values of `y`.  Expected: [0 1], got [-1  0]
2026-03-04 18:06:39 | WARNING | ⚠ treino_mk1 — erro no ticker UBER: Invalid classes inferred from unique values of `y`.  Expected: [0 1 2], got [-1  0  1]
2026-03-04 18:06:39 | WARNING | ⚠ treino_mk1 — erro no ticker APP: Invalid classes inferred from unique values of `y`.  Expected: [0 1 2], got [-1  0  1]
2026-03-04 18:06:39 | WARNING | ⚠ treino_mk1 — erro no ticker UNP: Invalid classes inferred from unique values of `y`.  Expected: [0 1 2], got [-1  0  1]
2026-03-04 18:06:39 | WARNING | ⚠ treino_mk1 — erro no ticker HON: Invalid classes inferred from unique values of `y`.  Expected: [0 1], got [-1  0]
2026-03-04 18:06:39 | WARNING | ⚠ treino_mk1 — erro no ticker LMT: Invalid classes inferred from unique values of `y`.  Expected: [0 1], got [-1  0]
2026-03-04 18:06:39 | WARNING | ⚠ treino_mk1 — erro no ticker PFE: Invalid classes inferred from unique values of `y`.  Expected: [0 1 2], got [-1  0  1]
2026-03-04 18:06:39 | WARNING | ⚠ treino_mk1 — erro no ticker QCOM: Invalid classes inferred from unique values of `y`.  Expected: [0 1 2], got [-1  0  1]
2026-03-04 18:06:39 | WARNING | ⚠ treino_mk1 — erro no ticker SYK: Invalid classes inferred from unique values of `y`.  Expected: [0 1], got [-1  0]
2026-03-04 18:06:39 | WARNING | ⚠ treino_mk1 — erro no ticker LOW: Invalid classes inferred from unique values of `y`.  Expected: [0 1], got [-1  0]
2026-03-04 18:06:39 | WARNING | ⚠ treino_mk1 — erro no ticker DHR: Invalid classes inferred from unique values of `y`.  Expected: [0 1], got [-1  0]
2026-03-04 18:06:39 | WARNING | ⚠ treino_mk1 — erro no ticker WELL: Invalid classes inferred from unique values of `y`.  Expected: [0 1], got [-1  0]
2026-03-04 18:06:39 | WARNING | ⚠ treino_mk1 — erro no ticker COP: Invalid classes inferred from unique values of `y`.  Expected: [0 1], got [-1  0]
2026-03-04 18:06:39 | WARNING | ⚠ treino_mk1 — erro no ticker ETN: Invalid classes inferred from unique values of `y`.  Expected: [0 1], got [-1  0]
2026-03-04 18:06:39 | WARNING | ⚠ treino_mk1 — erro no ticker BKNG: Invalid classes inferred from unique values of `y`.  Expected: [0 1], got [-1  0]
2026-03-04 18:06:39 | WARNING | ⚠ treino_mk1 — erro no ticker SPGI: Invalid classes inferred from unique values of `y`.  Expected: [0 1 2], got [-1  0  1]
2026-03-04 18:06:39 | WARNING | ⚠ treino_mk1 — erro no ticker ACN: Invalid classes inferred from unique values of `y`.  Expected: [0 1], got [-1  0]
2026-03-04 18:06:39 | WARNING | ⚠ treino_mk1 — erro no ticker NEM: Invalid classes inferred from unique values of `y`.  Expected: [0 1 2], got [-1  0  1]
2026-03-04 18:06:39 | WARNING | ⚠ treino_mk1 — erro no ticker CB: Invalid classes inferred from unique values of `y`.  Expected: [0 1], got [-1  0]
2026-03-04 18:06:39 | WARNING | ⚠ treino_mk1 — erro no ticker PANW: Invalid classes inferred from unique values of `y`.  Expected: [0 1 2], got [-1  0  1]
2026-03-04 18:06:39 | WARNING | ⚠ treino_mk1 — erro no ticker PLD: Invalid classes inferred from unique values of `y`.  Expected: [0 1], got [-1  0]
2026-03-04 18:06:39 | WARNING | ⚠ treino_mk1 — erro no ticker BMY: Invalid classes inferred from unique values of `y`.  Expected: [0 1 2], got [-1  0  1]
2026-03-04 18:06:39 | WARNING | ⚠ treino_mk1 — erro no ticker GLW: Invalid classes inferred from unique values of `y`.  Expected: [0 1 2], got [-1  0  1]
2026-03-04 18:06:39 | WARNING | ⚠ treino_mk1 — erro no ticker PH: Invalid classes inferred from unique values of `y`.  Expected: [0 1 2], got [-1  0  1]
2026-03-04 18:06:39 | WARNING | ⚠ treino_mk1 — erro no ticker PGR: Invalid classes inferred from unique values of `y`.  Expected: [0 1], got [-1  0]
2026-03-04 18:06:39 | WARNING | ⚠ treino_mk1 — erro no ticker MDT: Invalid classes inferred from unique values of `y`.  Expected: [0 1], got [-1  0]
2026-03-04 18:06:39 | WARNING | ⚠ treino_mk1 — erro no ticker HCA: Invalid classes inferred from unique values of `y`.  Expected: [0 1 2], got [-1  0  1]
2026-03-04 18:06:39 | WARNING | ⚠ treino_mk1 — erro no ticker COF: Invalid classes inferred from unique values of `y`.  Expected: [0 1 2], got [-1  0  1]
2026-03-04 18:06:39 | WARNING | ⚠ treino_mk1 — erro no ticker INTU: Invalid classes inferred from unique values of `y`.  Expected: [0 1 2], got [-1  0  1]
2026-03-04 18:06:39 | WARNING | ⚠ treino_mk1 — erro no ticker VRTX: Invalid classes inferred from unique values of `y`.  Expected: [0 1 2], got [-1  0  1]
2026-03-04 18:06:39 | WARNING | ⚠ treino_mk1 — erro no ticker MCK: Invalid classes inferred from unique values of `y`.  Expected: [0 1 2], got [-1  0  1]
2026-03-04 18:06:39 | WARNING | ⚠ treino_mk1 — erro no ticker NOW: Invalid classes inferred from unique values of `y`.  Expected: [0 1 2], got [-1  0  1]
2026-03-04 18:06:39 | WARNING | ⚠ treino_mk1 — erro no ticker CEG: Invalid classes inferred from unique values of `y`.  Expected: [0 1 2], got [-1  0  1]
2026-03-04 18:06:39 | WARNING | ⚠ treino_mk1 — erro no ticker CME: Invalid classes inferred from unique values of `y`.  Expected: [0 1], got [-1  0]
2026-03-04 18:06:39 | WARNING | ⚠ treino_mk1 — erro no ticker CMCSA: Invalid classes inferred from unique values of `y`.  Expected: [0 1 2], got [-1  0  1]
2026-03-04 18:06:39 | WARNING | ⚠ treino_mk1 — erro no ticker MO: Invalid classes inferred from unique values of `y`.  Expected: [0 1], got [-1  0]
2026-03-04 18:06:39 | WARNING | ⚠ treino_mk1 — erro no ticker ADBE: Invalid classes inferred from unique values of `y`.  Expected: [0 1 2], got [-1  0  1]
2026-03-04 18:06:39 | WARNING | ⚠ treino_mk1 — erro no ticker SBUX: Invalid classes inferred from unique values of `y`.  Expected: [0 1 2], got [-1  0  1]
2026-03-04 18:06:39 | WARNING | ⚠ treino_mk1 — erro no ticker BSX: Invalid classes inferred from unique values of `y`.  Expected: [0 1], got [-1  0]
2026-03-04 18:06:39 | WARNING | ⚠ treino_mk1 — erro no ticker NOC: Invalid classes inferred from unique values of `y`.  Expected: [0 1 2], got [-1  0  1]
2026-03-04 18:06:39 | WARNING | ⚠ treino_mk1 — erro no ticker HWM: Invalid classes inferred from unique values of `y`.  Expected: [0 1 2], got [-1  0  1]
2026-03-04 18:06:39 | WARNING | ⚠ treino_mk1 — erro no ticker CVS: Invalid classes inferred from unique values of `y`.  Expected: [0 1 2], got [-1  0  1]
2026-03-04 18:06:39 | WARNING | ⚠ treino_mk1 — erro no ticker CRWD: Invalid classes inferred from unique values of `y`.  Expected: [0 1 2], got [-1  0  1]
2026-03-04 18:06:39 | WARNING | ⚠ treino_mk1 — erro no ticker TT: Invalid classes inferred from unique values of `y`.  Expected: [0 1 2], got [-1  0  1]
2026-03-04 18:06:39 | WARNING | ⚠ treino_mk1 — erro no ticker GD: Invalid classes inferred from unique values of `y`.  Expected: [0 1], got [-1  0]
2026-03-04 18:06:39 | WARNING | ⚠ treino_mk1 — erro no ticker WM: Invalid classes inferred from unique values of `y`.  Expected: [0 1], got [-1  0]
2026-03-04 18:06:39 | WARNING | ⚠ treino_mk1 — erro no ticker DELL: Invalid classes inferred from unique values of `y`.  Expected: [0 1 2], got [-1  0  1]
2026-03-04 18:06:39 | WARNING | ⚠ treino_mk1 — erro no ticker UPS: Invalid classes inferred from unique values of `y`.  Expected: [0 1 2], got [-1  0  1]
2026-03-04 18:06:39 | WARNING | ⚠ treino_mk1 — erro no ticker FCX: Invalid classes inferred from unique values of `y`.  Expected: [0 1 2], got [-1  0  1]
2026-03-04 18:06:39 | WARNING | ⚠ treino_mk1 — erro no ticker EQIX: Invalid classes inferred from unique values of `y`.  Expected: [0 1 2], got [-1  0  1]
2026-03-04 18:06:39 | WARNING | ⚠ treino_mk1 — erro no ticker ICE: Invalid classes inferred from unique values of `y`.  Expected: [0 1], got [-1  0]
2026-03-04 18:06:39 | WARNING | ⚠ treino_mk1 — erro no ticker WDC: Invalid classes inferred from unique values of `y`.  Expected: [0 1 2], got [-1  0  1]
2026-03-04 18:06:39 | WARNING | ⚠ treino_mk1 — erro no ticker WMB: Invalid classes inferred from unique values of `y`.  Expected: [0 1], got [-1  0]
2026-03-04 18:06:39 | WARNING | ⚠ treino_mk1 — erro no ticker FDX: Invalid classes inferred from unique values of `y`.  Expected: [0 1 2], got [-1  0  1]
2026-03-04 18:06:39 | WARNING | ⚠ treino_mk1 — erro no ticker MAR: Invalid classes inferred from unique values of `y`.  Expected: [0 1], got [-1  0]
2026-03-04 18:06:39 | WARNING | ⚠ treino_mk1 — erro no ticker BX: Invalid classes inferred from unique values of `y`.  Expected: [0 1 2], got [-1  0  1]
2026-03-04 18:06:39 | WARNING | ⚠ treino_mk1 — erro no ticker SNDK: Invalid classes inferred from unique values of `y`.  Expected: [0 1 2], got [-1  0  1]
2026-03-04 18:06:39 | WARNING | ⚠ treino_mk1 — erro no ticker MRSH: Invalid classes inferred from unique values of `y`.  Expected: [0 1], got [-1  0]
2026-03-04 18:06:39 | WARNING | ⚠ treino_mk1 — erro no ticker AMT: Invalid classes inferred from unique values of `y`.  Expected: [0 1], got [-1  0]
2026-03-04 18:06:39 | WARNING | ⚠ treino_mk1 — erro no ticker ADP: Invalid classes inferred from unique values of `y`.  Expected: [0 1], got [-1  0]
2026-03-04 18:06:39 | WARNING | ⚠ treino_mk1 — erro no ticker NKE: Invalid classes inferred from unique values of `y`.  Expected: [0 1 2], got [-1  0  1]
2026-03-04 18:06:39 | WARNING | ⚠ treino_mk1 — erro no ticker STX: Invalid classes inferred from unique values of `y`.  Expected: [0 1 2], got [-1  0  1]
2026-03-04 18:06:40 | WARNING | ⚠ treino_mk1 — erro no ticker PNC: Invalid classes inferred from unique values of `y`.  Expected: [0 1], got [-1  0]
2026-03-04 18:06:40 | WARNING | ⚠ treino_mk1 — erro no ticker SHW: Invalid classes inferred from unique values of `y`.  Expected: [0 1], got [-1  0]
2026-03-04 18:06:40 | WARNING | ⚠ treino_mk1 — erro no ticker JCI: Invalid classes inferred from unique values of `y`.  Expected: [0 1 2], got [-1  0  1]
2026-03-04 18:06:40 | WARNING | ⚠ treino_mk1 — erro no ticker PWR: Invalid classes inferred from unique values of `y`.  Expected: [0 1 2], got [-1  0  1]
2026-03-04 18:06:40 | WARNING | ⚠ treino_mk1 — erro no ticker MMM: Invalid classes inferred from unique values of `y`.  Expected: [0 1 2], got [-1  0  1]
2026-03-04 18:06:40 | WARNING | ⚠ treino_mk1 — erro no ticker USB: Invalid classes inferred from unique values of `y`.  Expected: [0 1], got [-1  0]
2026-03-04 18:06:40 | WARNING | ⚠ treino_mk1 — erro no ticker ECL: Invalid classes inferred from unique values of `y`.  Expected: [0 1], got [-1  0]
2026-03-04 18:06:40 | WARNING | ⚠ treino_mk1 — erro no ticker MCO: Invalid classes inferred from unique values of `y`.  Expected: [0 1 2], got [-1  0  1]
2026-03-04 18:06:40 | WARNING | ⚠ treino_mk1 — erro no ticker KKR: Invalid classes inferred from unique values of `y`.  Expected: [0 1 2], got [-1  0  1]
2026-03-04 18:06:40 | WARNING | ⚠ treino_mk1 — erro no ticker ITW: Invalid classes inferred from unique values of `y`.  Expected: [0 1], got [-1  0]
2026-03-04 18:06:40 | WARNING | ⚠ treino_mk1 — erro no ticker REGN: Invalid classes inferred from unique values of `y`.  Expected: [0 1 2], got [-1  0  1]
2026-03-04 18:06:40 | WARNING | ⚠ treino_mk1 — erro no ticker EMR: Invalid classes inferred from unique values of `y`.  Expected: [0 1 2], got [-1  0  1]
2026-03-04 18:06:40 | WARNING | ⚠ treino_mk1 — erro no ticker CDNS: Invalid classes inferred from unique values of `y`.  Expected: [0 1 2], got [-1  0  1]
2026-03-04 18:06:40 | WARNING | ⚠ treino_mk1 — erro no ticker ABNB: Invalid classes inferred from unique values of `y`.  Expected: [0 1 2], got [-1  0  1]
2026-03-04 18:06:40 | WARNING | ⚠ treino_mk1 — erro no ticker SNPS: Invalid classes inferred from unique values of `y`.  Expected: [0 1 2], got [-1  0  1]
2026-03-04 18:06:40 | WARNING | ⚠ treino_mk1 — erro no ticker BK: Invalid classes inferred from unique values of `y`.  Expected: [0 1], got [-1  0]
2026-03-04 18:06:40 | WARNING | ⚠ treino_mk1 — erro no ticker CTAS: Invalid classes inferred from unique values of `y`.  Expected: [0 1], got [-1  0]
2026-03-04 18:06:40 | WARNING | ⚠ treino_mk1 — erro no ticker RCL: Invalid classes inferred from unique values of `y`.  Expected: [0 1 2], got [-1  0  1]
2026-03-04 18:06:40 | WARNING | ⚠ treino_mk1 — erro no ticker CSX: Invalid classes inferred from unique values of `y`.  Expected: [0 1], got [-1  0]
2026-03-04 18:06:40 | WARNING | ⚠ treino_mk1 — erro no ticker CMI: Invalid classes inferred from unique values of `y`.  Expected: [0 1], got [-1  0]
2026-03-04 18:06:40 | WARNING | ⚠ treino_mk1 — erro no ticker ORLY: Invalid classes inferred from unique values of `y`.  Expected: [0 1], got [-1  0]
2026-03-04 18:06:40 | WARNING | ⚠ treino_mk1 — erro no ticker MSI: Invalid classes inferred from unique values of `y`.  Expected: [0 1], got [-1  0]
2026-03-04 18:06:40 | WARNING | ⚠ treino_mk1 — erro no ticker DASH: Invalid classes inferred from unique values of `y`.  Expected: [0 1 2], got [-1  0  1]
2026-03-04 18:06:40 | WARNING | ⚠ treino_mk1 — erro no ticker MNST: Invalid classes inferred from unique values of `y`.  Expected: [0 1], got [-1  0]
2026-03-04 18:06:40 | WARNING | ⚠ treino_mk1 — erro no ticker CL: Invalid classes inferred from unique values of `y`.  Expected: [0 1], got [-1  0]
2026-03-04 18:06:40 | WARNING | ⚠ treino_mk1 — erro no ticker CRH: Invalid classes inferred from unique values of `y`.  Expected: [0 1], got [-1  0]
2026-03-04 18:06:40 | WARNING | ⚠ treino_mk1 — erro no ticker CI: Invalid classes inferred from unique values of `y`.  Expected: [0 1 2], got [-1  0  1]
2026-03-04 18:06:40 | WARNING | ⚠ treino_mk1 — erro no ticker KMI: Invalid classes inferred from unique values of `y`.  Expected: [0 1], got [-1  0]
2026-03-04 18:06:40 | WARNING | ⚠ treino_mk1 — erro no ticker TDG: Invalid classes inferred from unique values of `y`.  Expected: [0 1], got [-1  0]
2026-03-04 18:06:40 | WARNING | ⚠ treino_mk1 — erro no ticker MDLZ: Invalid classes inferred from unique values of `y`.  Expected: [0 1], got [-1  0]
2026-03-04 18:06:40 | WARNING | ⚠ treino_mk1 — erro no ticker HOOD: Invalid classes inferred from unique values of `y`.  Expected: [0 1 2], got [-1  0  1]
2026-03-04 18:06:40 | WARNING | ⚠ treino_mk1 — erro no ticker AON: Invalid classes inferred from unique values of `y`.  Expected: [0 1], got [-1  0]
2026-03-04 18:06:40 | WARNING | ⚠ treino_mk1 — erro no ticker COR: Invalid classes inferred from unique values of `y`.  Expected: [0 1], got [-1  0]
2026-03-04 18:06:40 | WARNING | ⚠ treino_mk1 — erro no ticker SLB: Invalid classes inferred from unique values of `y`.  Expected: [0 1 2], got [-1  0  1]
2026-03-04 18:06:40 | WARNING | ⚠ treino_mk1 — erro no ticker AEP: Invalid classes inferred from unique values of `y`.  Expected: [0 1], got [-1  0]
2026-03-04 18:06:40 | WARNING | ⚠ treino_mk1 — erro no ticker RSG: Invalid classes inferred from unique values of `y`.  Expected: [0 1], got [-1  0]
2026-03-04 18:06:40 | WARNING | ⚠ treino_mk1 — erro no ticker GM: Invalid classes inferred from unique values of `y`.  Expected: [0 1], got [-1  0]
2026-03-04 18:06:40 | WARNING | ⚠ treino_mk1 — erro no ticker NSC: Invalid classes inferred from unique values of `y`.  Expected: [0 1 2], got [-1  0  1]
2026-03-04 18:06:40 | WARNING | ⚠ treino_mk1 — erro no ticker HLT: Invalid classes inferred from unique values of `y`.  Expected: [0 1], got [-1  0]
2026-03-04 18:06:40 | WARNING | ⚠ treino_mk1 — erro no ticker WBD: Invalid classes inferred from unique values of `y`.  Expected: [0 1 2], got [-1  0  1]
2026-03-04 18:06:40 | WARNING | ⚠ treino_mk1 — erro no ticker ROST: Invalid classes inferred from unique values of `y`.  Expected: [0 1], got [-1  0]
2026-03-04 18:06:40 | WARNING | ⚠ treino_mk1 — erro no ticker LHX: Invalid classes inferred from unique values of `y`.  Expected: [0 1], got [-1  0]
2026-03-04 18:06:40 | WARNING | ⚠ treino_mk1 — erro no ticker VLO: Invalid classes inferred from unique values of `y`.  Expected: [0 1], got [-1  0]
2026-03-04 18:06:40 | WARNING | ⚠ treino_mk1 — erro no ticker EOG: Invalid classes inferred from unique values of `y`.  Expected: [0 1], got [-1  0]
2026-03-04 18:06:40 | WARNING | ⚠ treino_mk1 — erro no ticker TRV: Invalid classes inferred from unique values of `y`.  Expected: [0 1], got [-1  0]
2026-03-04 18:06:40 | WARNING | ⚠ treino_mk1 — erro no ticker SPG: Invalid classes inferred from unique values of `y`.  Expected: [0 1], got [-1  0]
2026-03-04 18:06:40 | WARNING | ⚠ treino_mk1 — erro no ticker PCAR: Invalid classes inferred from unique values of `y`.  Expected: [0 1], got [-1  0]
2026-03-04 18:06:40 | WARNING | ⚠ treino_mk1 — erro no ticker PSX: Invalid classes inferred from unique values of `y`.  Expected: [0 1], got [-1  0]
2026-03-04 18:06:40 | WARNING | ⚠ treino_mk1 — erro no ticker MPC: Invalid classes inferred from unique values of `y`.  Expected: [0 1], got [-1  0]
2026-03-04 18:06:40 | WARNING | ⚠ treino_mk1 — erro no ticker ELV: Invalid classes inferred from unique values of `y`.  Expected: [0 1], got [-1  0]
2026-03-04 18:06:40 | WARNING | ⚠ treino_mk1 — erro no ticker APO: Invalid classes inferred from unique values of `y`.  Expected: [0 1], got [-1  0]
2026-03-04 18:06:40 | WARNING | ⚠ treino_mk1 — erro no ticker SRE: Invalid classes inferred from unique values of `y`.  Expected: [0 1], got [-1  0]
2026-03-04 18:06:40 | WARNING | ⚠ treino_mk1 — erro no ticker TFC: Invalid classes inferred from unique values of `y`.  Expected: [0 1 2], got [-1  0  1]
2026-03-04 18:06:40 | WARNING | ⚠ treino_mk1 — erro no ticker DLR: Invalid classes inferred from unique values of `y`.  Expected: [0 1 2], got [-1  0  1]
2026-03-04 18:06:40 | WARNING | ⚠ treino_mk1 — erro no ticker FTNT: Invalid classes inferred from unique values of `y`.  Expected: [0 1 2], got [-1  0  1]
2026-03-04 18:06:40 | WARNING | ⚠ treino_mk1 — erro no ticker TEL: Invalid classes inferred from unique values of `y`.  Expected: [0 1], got [-1  0]
2026-03-04 18:06:40 | WARNING | ⚠ treino_mk1 — erro no ticker O: Invalid classes inferred from unique values of `y`.  Expected: [0 1], got [-1  0]
2026-03-04 18:06:40 | WARNING | ⚠ treino_mk1 — erro no ticker AZO: Invalid classes inferred from unique values of `y`.  Expected: [0 1], got [-1  0]
2026-03-04 18:06:40 | WARNING | ⚠ treino_mk1 — erro no ticker APD: Invalid classes inferred from unique values of `y`.  Expected: [0 1], got [-1  0]
2026-03-04 18:06:40 | WARNING | ⚠ treino_mk1 — erro no ticker BKR: Invalid classes inferred from unique values of `y`.  Expected: [0 1 2], got [-1  0  1]
2026-03-04 18:06:40 | WARNING | ⚠ treino_mk1 — erro no ticker AJG: Invalid classes inferred from unique values of `y`.  Expected: [0 1], got [-1  0]
2026-03-04 18:06:40 | WARNING | ⚠ treino_mk1 — erro no ticker AFL: Invalid classes inferred from unique values of `y`.  Expected: [0 1], got [-1  0]
2026-03-04 18:06:40 | WARNING | ⚠ treino_mk1 — erro no ticker COIN: Invalid classes inferred from unique values of `y`.  Expected: [0 1 2], got [-1  0  1]
2026-03-04 18:06:40 | WARNING | ⚠ treino_mk1 — erro no ticker ALL: Invalid classes inferred from unique values of `y`.  Expected: [0 1], got [-1  0]
2026-03-04 18:06:40 | WARNING | ⚠ treino_mk1 — erro no ticker TGT: Invalid classes inferred from unique values of `y`.  Expected: [0 1 2], got [-1  0  1]
2026-03-04 18:06:40 | WARNING | ⚠ treino_mk1 — erro no ticker VST: Invalid classes inferred from unique values of `y`.  Expected: [0 1 2], got [-1  0  1]
2026-03-04 18:06:40 | WARNING | ⚠ treino_mk1 — erro no ticker NXPI: Invalid classes inferred from unique values of `y`.  Expected: [0 1], got [-1  0]
2026-03-04 18:06:40 | WARNING | ⚠ treino_mk1 — erro no ticker D: Invalid classes inferred from unique values of `y`.  Expected: [0 1], got [-1  0]
2026-03-04 18:06:40 | WARNING | ⚠ treino_mk1 — erro no ticker GWW: Invalid classes inferred from unique values of `y`.  Expected: [0 1 2], got [-1  0  1]
2026-03-04 18:06:40 | WARNING | ⚠ treino_mk1 — erro no ticker ADSK: Invalid classes inferred from unique values of `y`.  Expected: [0 1 2], got [-1  0  1]
2026-03-04 18:06:40 | WARNING | ⚠ treino_mk1 — erro no ticker AME: Invalid classes inferred from unique values of `y`.  Expected: [0 1], got [-1  0]
2026-03-04 18:06:40 | WARNING | ⚠ treino_mk1 — erro no ticker URI: Invalid classes inferred from unique values of `y`.  Expected: [0 1 2], got [-1  0  1]
2026-03-04 18:06:40 | WARNING | ⚠ treino_mk1 — erro no ticker FAST: Invalid classes inferred from unique values of `y`.  Expected: [0 1], got [-1  0]
2026-03-04 18:06:40 | WARNING | ⚠ treino_mk1 — erro no ticker PSA: Invalid classes inferred from unique values of `y`.  Expected: [0 1], got [-1  0]
2026-03-04 18:06:40 | WARNING | ⚠ treino_mk1 — erro no ticker ZTS: Invalid classes inferred from unique values of `y`.  Expected: [0 1], got [-1  0]
2026-03-04 18:06:41 | WARNING | ⚠ treino_mk1 — erro no ticker OKE: Invalid classes inferred from unique values of `y`.  Expected: [0 1], got [-1  0]
2026-03-04 18:06:41 | WARNING | ⚠ treino_mk1 — erro no ticker CTVA: Invalid classes inferred from unique values of `y`.  Expected: [0 1 2], got [-1  0  1]
2026-03-04 18:06:41 | WARNING | ⚠ treino_mk1 — erro no ticker MPWR: Invalid classes inferred from unique values of `y`.  Expected: [0 1 2], got [-1  0  1]
2026-03-04 18:06:41 | WARNING | ⚠ treino_mk1 — erro no ticker OXY: Invalid classes inferred from unique values of `y`.  Expected: [0 1 2], got [-1  0  1]
2026-03-04 18:06:41 | WARNING | ⚠ treino_mk1 — erro no ticker CAH: Invalid classes inferred from unique values of `y`.  Expected: [0 1], got [-1  0]
2026-03-04 18:06:41 | WARNING | ⚠ treino_mk1 — erro no ticker KEYS: Invalid classes inferred from unique values of `y`.  Expected: [0 1 2], got [-1  0  1]
2026-03-04 18:06:41 | WARNING | ⚠ treino_mk1 — erro no ticker F: Invalid classes inferred from unique values of `y`.  Expected: [0 1 2], got [-1  0  1]
2026-03-04 18:06:41 | WARNING | ⚠ treino_mk1 — erro no ticker TRGP: Invalid classes inferred from unique values of `y`.  Expected: [0 1], got [-1  0]
2026-03-04 18:06:41 | WARNING | ⚠ treino_mk1 — erro no ticker CARR: Invalid classes inferred from unique values of `y`.  Expected: [0 1], got [-1  0]
2026-03-04 18:06:41 | WARNING | ⚠ treino_mk1 — erro no ticker IDXX: Invalid classes inferred from unique values of `y`.  Expected: [0 1 2], got [-1  0  1]
2026-03-04 18:06:41 | WARNING | ⚠ treino_mk1 — erro no ticker NDAQ: Invalid classes inferred from unique values of `y`.  Expected: [0 1], got [-1  0]
2026-03-04 18:06:41 | WARNING | ⚠ treino_mk1 — erro no ticker FIX: Invalid classes inferred from unique values of `y`.  Expected: [0 1 2], got [-1  0  1]
2026-03-04 18:06:41 | WARNING | ⚠ treino_mk1 — erro no ticker EA: Invalid classes inferred from unique values of `y`.  Expected: [0 1], got [-1  0]
2026-03-04 18:06:41 | WARNING | ⚠ treino_mk1 — erro no ticker EXC: Invalid classes inferred from unique values of `y`.  Expected: [0 1], got [-1  0]
2026-03-04 18:06:41 | WARNING | ⚠ treino_mk1 — erro no ticker FANG: Invalid classes inferred from unique values of `y`.  Expected: [0 1], got [-1  0]
2026-03-04 18:06:41 | WARNING | ⚠ treino_mk1 — erro no ticker EW: Invalid classes inferred from unique values of `y`.  Expected: [0 1], got [-1  0]
2026-03-04 18:06:41 | WARNING | ⚠ treino_mk1 — erro no ticker XEL: Invalid classes inferred from unique values of `y`.  Expected: [0 1], got [-1  0]
2026-03-04 18:06:41 | WARNING | ⚠ treino_mk1 — erro no ticker BDX: Invalid classes inferred from unique values of `y`.  Expected: [0 1], got [-1  0]
2026-03-04 18:06:41 | WARNING | ⚠ treino_mk1 — erro no ticker CIEN: Invalid classes inferred from unique values of `y`.  Expected: [0 1 2], got [-1  0  1]
2026-03-04 18:06:41 | WARNING | ⚠ treino_mk1 — erro no ticker GRMN: Invalid classes inferred from unique values of `y`.  Expected: [0 1 2], got [-1  0  1]
2026-03-04 18:06:41 | WARNING | ⚠ treino_mk1 — erro no ticker ETR: Invalid classes inferred from unique values of `y`.  Expected: [0 1 2], got [-1  0  1]
2026-03-04 18:06:41 | WARNING | ⚠ treino_mk1 — erro no ticker TER: Invalid classes inferred from unique values of `y`.  Expected: [0 1 2], got [-1  0  1]
2026-03-04 18:06:41 | WARNING | ⚠ treino_mk1 — erro no ticker CMG: Invalid classes inferred from unique values of `y`.  Expected: [0 1 2], got [-1  0  1]
2026-03-04 18:06:41 | WARNING | ⚠ treino_mk1 — erro no ticker MET: Invalid classes inferred from unique values of `y`.  Expected: [0 1], got [-1  0]
2026-03-04 18:06:41 | WARNING | ⚠ treino_mk1 — erro no ticker HSY: Invalid classes inferred from unique values of `y`.  Expected: [0 1 2], got [-1  0  1]
2026-03-04 18:06:41 | WARNING | ⚠ treino_mk1 — erro no ticker AXON: Invalid classes inferred from unique values of `y`.  Expected: [0 1 2], got [-1  0  1]
2026-03-04 18:06:41 | WARNING | ⚠ treino_mk1 — erro no ticker CVNA: Invalid classes inferred from unique values of `y`.  Expected: [0 1 2], got [-1  0  1]
2026-03-04 18:06:41 | WARNING | ⚠ treino_mk1 — erro no ticker ODFL: Invalid classes inferred from unique values of `y`.  Expected: [0 1 2], got [-1  0  1]
2026-03-04 18:06:41 | WARNING | ⚠ treino_mk1 — erro no ticker FITB: Invalid classes inferred from unique values of `y`.  Expected: [0 1], got [-1  0]
2026-03-04 18:06:41 | WARNING | ⚠ treino_mk1 — erro no ticker WAB: Invalid classes inferred from unique values of `y`.  Expected: [0 1 2], got [-1  0  1]
2026-03-04 18:06:41 | WARNING | ⚠ treino_mk1 — erro no ticker ROK: Invalid classes inferred from unique values of `y`.  Expected: [0 1 2], got [-1  0  1]
2026-03-04 18:06:41 | WARNING | ⚠ treino_mk1 — erro no ticker DHI: Invalid classes inferred from unique values of `y`.  Expected: [0 1 2], got [-1  0  1]
2026-03-04 18:06:41 | WARNING | ⚠ treino_mk1 — erro no ticker PYPL: Invalid classes inferred from unique values of `y`.  Expected: [0 1 2], got [-1  0  1]
2026-03-04 18:06:41 | WARNING | ⚠ treino_mk1 — erro no ticker AMP: Invalid classes inferred from unique values of `y`.  Expected: [0 1 2], got [-1  0  1]
2026-03-04 18:06:41 | WARNING | ⚠ treino_mk1 — erro no ticker KR: Invalid classes inferred from unique values of `y`.  Expected: [0 1 2], got [-1  0  1]
2026-03-04 18:06:41 | WARNING | ⚠ treino_mk1 — erro no ticker DAL: Invalid classes inferred from unique values of `y`.  Expected: [0 1], got [-1  0]
2026-03-04 18:06:41 | WARNING | ⚠ treino_mk1 — erro no ticker CBRE: Invalid classes inferred from unique values of `y`.  Expected: [0 1 2], got [-1  0  1]
2026-03-04 18:06:41 | WARNING | ⚠ treino_mk1 — erro no ticker AIG: Invalid classes inferred from unique values of `y`.  Expected: [0 1], got [-1  0]
2026-03-04 18:06:41 | WARNING | ⚠ treino_mk1 — erro no ticker MSCI: Invalid classes inferred from unique values of `y`.  Expected: [0 1], got [-1  0]
2026-03-04 18:06:41 | WARNING | ⚠ treino_mk1 — erro no ticker DDOG: Invalid classes inferred from unique values of `y`.  Expected: [0 1 2], got [-1  0  1]
2026-03-04 18:06:41 | WARNING | ⚠ treino_mk1 — erro no ticker PEG: Invalid classes inferred from unique values of `y`.  Expected: [0 1], got [-1  0]
2026-03-04 18:06:41 | WARNING | ⚠ treino_mk1 — erro no ticker SYY: Invalid classes inferred from unique values of `y`.  Expected: [0 1], got [-1  0]
2026-03-04 18:06:41 | WARNING | ⚠ treino_mk1 — erro no ticker PCG: Invalid classes inferred from unique values of `y`.  Expected: [0 1], got [-1  0]
2026-03-04 18:06:41 | WARNING | ⚠ treino_mk1 — erro no ticker VTR: Invalid classes inferred from unique values of `y`.  Expected: [0 1], got [-1  0]
2026-03-04 18:06:41 | WARNING | ⚠ treino_mk1 — erro no ticker EBAY: Invalid classes inferred from unique values of `y`.  Expected: [0 1 2], got [-1  0  1]
2026-03-04 18:06:41 | WARNING | ⚠ treino_mk1 — erro no ticker NUE: Invalid classes inferred from unique values of `y`.  Expected: [0 1 2], got [-1  0  1]
2026-03-04 18:06:41 | WARNING | ⚠ treino_mk1 — erro no ticker XYZ: Invalid classes inferred from unique values of `y`.  Expected: [0 1 2], got [-1  0  1]
2026-03-04 18:06:41 | WARNING | ⚠ treino_mk1 — erro no ticker TTWO: Invalid classes inferred from unique values of `y`.  Expected: [0 1 2], got [-1  0  1]
2026-03-04 18:06:41 | WARNING | ⚠ treino_mk1 — erro no ticker MLM: Invalid classes inferred from unique values of `y`.  Expected: [0 1], got [-1  0]
2026-03-04 18:06:41 | WARNING | ⚠ treino_mk1 — erro no ticker KDP: Invalid classes inferred from unique values of `y`.  Expected: [0 1], got [-1  0]
2026-03-04 18:06:41 | WARNING | ⚠ treino_mk1 — erro no ticker CCL: Invalid classes inferred from unique values of `y`.  Expected: [0 1 2], got [-1  0  1]
2026-03-04 18:06:41 | WARNING | ⚠ treino_mk1 — erro no ticker CCI: Invalid classes inferred from unique values of `y`.  Expected: [0 1 2], got [-1  0  1]
2026-03-04 18:06:41 | WARNING | ⚠ treino_mk1 — erro no ticker HIG: Invalid classes inferred from unique values of `y`.  Expected: [0 1], got [-1  0]
2026-03-04 18:06:41 | WARNING | ⚠ treino_mk1 — erro no ticker VMC: Invalid classes inferred from unique values of `y`.  Expected: [0 1], got [-1  0]
2026-03-04 18:06:41 | WARNING | ⚠ treino_mk1 — erro no ticker MCHP: Invalid classes inferred from unique values of `y`.  Expected: [0 1 2], got [-1  0  1]
2026-03-04 18:06:41 | WARNING | ⚠ treino_mk1 — erro no ticker LVS: Invalid classes inferred from unique values of `y`.  Expected: [0 1 2], got [-1  0  1]
2026-03-04 18:06:41 | WARNING | ⚠ treino_mk1 — erro no ticker WDAY: Invalid classes inferred from unique values of `y`.  Expected: [0 1 2], got [-1  0  1]
2026-03-04 18:06:41 | WARNING | ⚠ treino_mk1 — erro no ticker EQT: Invalid classes inferred from unique values of `y`.  Expected: [0 1 2], got [-1  0  1]
2026-03-04 18:06:41 | WARNING | ⚠ treino_mk1 — erro no ticker RMD: Invalid classes inferred from unique values of `y`.  Expected: [0 1 2], got [-1  0  1]
2026-03-04 18:06:41 | WARNING | ⚠ treino_mk1 — erro no ticker ROP: Invalid classes inferred from unique values of `y`.  Expected: [0 1], got [-1  0]
2026-03-04 18:06:41 | WARNING | ⚠ treino_mk1 — erro no ticker CPRT: Invalid classes inferred from unique values of `y`.  Expected: [0 1 2], got [-1  0  1]
2026-03-04 18:06:41 | WARNING | ⚠ treino_mk1 — erro no ticker LYV: Invalid classes inferred from unique values of `y`.  Expected: [0 1 2], got [-1  0  1]
2026-03-04 18:06:41 | WARNING | ⚠ treino_mk1 — erro no ticker EL: Invalid classes inferred from unique values of `y`.  Expected: [0 1 2], got [-1  0  1]
2026-03-04 18:06:41 | WARNING | ⚠ treino_mk1 — erro no ticker TPL: Invalid classes inferred from unique values of `y`.  Expected: [0 1 2], got [-1  0  1]
2026-03-04 18:06:41 | WARNING | ⚠ treino_mk1 — erro no ticker GEHC: Invalid classes inferred from unique values of `y`.  Expected: [0 1 2], got [-1  0  1]
2026-03-04 18:06:42 | WARNING | ⚠ treino_mk1 — erro no ticker IR: Invalid classes inferred from unique values of `y`.  Expected: [0 1], got [-1  0]
2026-03-04 18:06:42 | WARNING | ⚠ treino_mk1 — erro no ticker OTIS: Invalid classes inferred from unique values of `y`.  Expected: [0 1], got [-1  0]
2026-03-04 18:06:42 | WARNING | ⚠ treino_mk1 — erro no ticker NRG: Invalid classes inferred from unique values of `y`.  Expected: [0 1 2], got [-1  0  1]
2026-03-04 18:06:42 | WARNING | ⚠ treino_mk1 — erro no ticker ACGL: Invalid classes inferred from unique values of `y`.  Expected: [0 1], got [-1  0]
2026-03-04 18:06:42 | WARNING | ⚠ treino_mk1 — erro no ticker STT: Invalid classes inferred from unique values of `y`.  Expected: [0 1], got [-1  0]
2026-03-04 18:06:42 | WARNING | ⚠ treino_mk1 — erro no ticker KVUE: Invalid classes inferred from unique values of `y`.  Expected: [0 1 2], got [-1  0  1]
2026-03-04 18:06:42 | WARNING | ⚠ treino_mk1 — erro no ticker KMB: Invalid classes inferred from unique values of `y`.  Expected: [0 1], got [-1  0]
2026-03-04 18:06:42 | WARNING | ⚠ treino_mk1 — erro no ticker FICO: Invalid classes inferred from unique values of `y`.  Expected: [0 1 2], got [-1  0  1]
2026-03-04 18:06:42 | WARNING | ⚠ treino_mk1 — erro no ticker PRU: Invalid classes inferred from unique values of `y`.  Expected: [0 1], got [-1  0]
2026-03-04 18:06:42 | WARNING | ⚠ treino_mk1 — erro no ticker PAYX: Invalid classes inferred from unique values of `y`.  Expected: [0 1], got [-1  0]
2026-03-04 18:06:42 | WARNING | ⚠ treino_mk1 — erro no ticker HBAN: Invalid classes inferred from unique values of `y`.  Expected: [0 1 2], got [-1  0  1]
2026-03-04 18:06:42 | WARNING | ⚠ treino_mk1 — erro no ticker A: Invalid classes inferred from unique values of `y`.  Expected: [0 1], got [-1  0]
2026-03-04 18:06:42 | WARNING | ⚠ treinamento — [FISV] dados insuficientes (0 linhas), ticker ignorado
2026-03-04 18:06:42 | WARNING | ⚠ treino_mk1 — erro no ticker UAL: Invalid classes inferred from unique values of `y`.  Expected: [0 1 2], got [-1  0  1]
2026-03-04 18:06:42 | WARNING | ⚠ treino_mk1 — erro no ticker EME: Invalid classes inferred from unique values of `y`.  Expected: [0 1 2], got [-1  0  1]
2026-03-04 18:06:42 | WARNING | ⚠ treino_mk1 — erro no ticker DG: Invalid classes inferred from unique values of `y`.  Expected: [0 1 2], got [-1  0  1]
2026-03-04 18:06:42 | WARNING | ⚠ treino_mk1 — erro no ticker MTB: Invalid classes inferred from unique values of `y`.  Expected: [0 1 2], got [-1  0  1]
2026-03-04 18:06:42 | WARNING | ⚠ treino_mk1 — erro no ticker ADM: Invalid classes inferred from unique values of `y`.  Expected: [0 1], got [-1  0]
2026-03-04 18:06:42 | WARNING | ⚠ treino_mk1 — erro no ticker VICI: Invalid classes inferred from unique values of `y`.  Expected: [0 1], got [-1  0]
2026-03-04 18:06:42 | WARNING | ⚠ treino_mk1 — erro no ticker IRM: Invalid classes inferred from unique values of `y`.  Expected: [0 1], got [-1  0]
2026-03-04 18:06:42 | WARNING | ⚠ treino_mk1 — erro no ticker TPR: Invalid classes inferred from unique values of `y`.  Expected: [0 1 2], got [-1  0  1]
2026-03-04 18:06:42 | WARNING | ⚠ treino_mk1 — erro no ticker TDY: Invalid classes inferred from unique values of `y`.  Expected: [0 1], got [-1  0]
2026-03-04 18:06:42 | WARNING | ⚠ treino_mk1 — erro no ticker EXR: Invalid classes inferred from unique values of `y`.  Expected: [0 1 2], got [-1  0  1]
2026-03-04 18:06:42 | WARNING | ⚠ treino_mk1 — erro no ticker CBOE: Invalid classes inferred from unique values of `y`.  Expected: [0 1], got [-1  0]
2026-03-04 18:06:42 | WARNING | ⚠ treino_mk1 — erro no ticker XYL: Invalid classes inferred from unique values of `y`.  Expected: [0 1], got [-1  0]
2026-03-04 18:06:42 | WARNING | ⚠ treino_mk1 — erro no ticker AEE: Invalid classes inferred from unique values of `y`.  Expected: [0 1], got [-1  0]
2026-03-04 18:06:42 | WARNING | ⚠ treino_mk1 — erro no ticker CTSH: Invalid classes inferred from unique values of `y`.  Expected: [0 1], got [-1  0]
2026-03-04 18:06:42 | WARNING | ⚠ treino_mk1 — erro no ticker IBKR: Invalid classes inferred from unique values of `y`.  Expected: [0 1 2], got [-1  0  1]
2026-03-04 18:06:42 | WARNING | ⚠ treino_mk1 — erro no ticker WAT: Invalid classes inferred from unique values of `y`.  Expected: [0 1 2], got [-1  0  1]
2026-03-04 18:06:42 | WARNING | ⚠ treino_mk1 — erro no ticker RJF: Invalid classes inferred from unique values of `y`.  Expected: [0 1], got [-1  0]
2026-03-04 18:06:42 | WARNING | ⚠ treino_mk1 — erro no ticker DOV: Invalid classes inferred from unique values of `y`.  Expected: [0 1], got [-1  0]
2026-03-04 18:06:42 | WARNING | ⚠ treino_mk1 — erro no ticker IQV: Invalid classes inferred from unique values of `y`.  Expected: [0 1 2], got [-1  0  1]
2026-03-04 18:06:42 | WARNING | ⚠ treino_mk1 — erro no ticker VRSK: Invalid classes inferred from unique values of `y`.  Expected: [0 1], got [-1  0]
2026-03-04 18:06:42 | WARNING | ⚠ treino_mk1 — erro no ticker ULTA: Invalid classes inferred from unique values of `y`.  Expected: [0 1 2], got [-1  0  1]
2026-03-04 18:06:42 | WARNING | ⚠ treino_mk1 — erro no ticker FE: Invalid classes inferred from unique values of `y`.  Expected: [0 1], got [-1  0]
2026-03-04 18:06:42 | WARNING | ⚠ treino_mk1 — erro no ticker CHTR: Invalid classes inferred from unique values of `y`.  Expected: [0 1 2], got [-1  0  1]
2026-03-04 18:06:42 | WARNING | ⚠ treino_mk1 — erro no ticker HPE: Invalid classes inferred from unique values of `y`.  Expected: [0 1 2], got [-1  0  1]
2026-03-04 18:06:42 | WARNING | ⚠ treino_mk1 — erro no ticker HAL: Invalid classes inferred from unique values of `y`.  Expected: [0 1], got [-1  0]
2026-03-04 18:06:42 | WARNING | ⚠ treino_mk1 — erro no ticker PPL: Invalid classes inferred from unique values of `y`.  Expected: [0 1], got [-1  0]
2026-03-04 18:06:42 | WARNING | ⚠ treino_mk1 — erro no ticker WTW: Invalid classes inferred from unique values of `y`.  Expected: [0 1 2], got [-1  0  1]
2026-03-04 18:06:42 | WARNING | ⚠ treino_mk1 — erro no ticker STLD: Invalid classes inferred from unique values of `y`.  Expected: [0 1 2], got [-1  0  1]
2026-03-04 18:06:42 | WARNING | ⚠ treino_mk1 — erro no ticker ROL: Invalid classes inferred from unique values of `y`.  Expected: [0 1 2], got [-1  0  1]
2026-03-04 18:06:42 | WARNING | ⚠ treino_mk1 — erro no ticker EIX: Invalid classes inferred from unique values of `y`.  Expected: [0 1], got [-1  0]
2026-03-04 18:06:42 | WARNING | ⚠ treino_mk1 — erro no ticker CNP: Invalid classes inferred from unique values of `y`.  Expected: [0 1], got [-1  0]
2026-03-04 18:06:42 | WARNING | ⚠ treino_mk1 — erro no ticker ES: Invalid classes inferred from unique values of `y`.  Expected: [0 1], got [-1  0]
2026-03-04 18:06:42 | WARNING | ⚠ treino_mk1 — erro no ticker KHC: Invalid classes inferred from unique values of `y`.  Expected: [0 1], got [-1  0]
2026-03-04 18:06:42 | WARNING | ⚠ treino_mk1 — erro no ticker DXCM: Invalid classes inferred from unique values of `y`.  Expected: [0 1 2], got [-1  0  1]
2026-03-04 18:06:42 | WARNING | ⚠ treino_mk1 — erro no ticker BIIB: Invalid classes inferred from unique values of `y`.  Expected: [0 1 2], got [-1  0  1]
2026-03-04 18:06:42 | WARNING | ⚠ treino_mk1 — erro no ticker EXPE: Invalid classes inferred from unique values of `y`.  Expected: [0 1 2], got [-1  0  1]
2026-03-04 18:06:42 | WARNING | ⚠ treino_mk1 — erro no ticker TSCO: Invalid classes inferred from unique values of `y`.  Expected: [0 1], got [-1  0]
2026-03-04 18:06:42 | WARNING | ⚠ treino_mk1 — erro no ticker JBL: Invalid classes inferred from unique values of `y`.  Expected: [0 1 2], got [-1  0  1]
2026-03-04 18:06:42 | WARNING | ⚠ treino_mk1 — erro no ticker DVN: Invalid classes inferred from unique values of `y`.  Expected: [0 1 2], got [-1  0  1]
2026-03-04 18:06:42 | WARNING | ⚠ treino_mk1 — erro no ticker NTRS: Invalid classes inferred from unique values of `y`.  Expected: [0 1 2], got [-1  0  1]
2026-03-04 18:06:42 | WARNING | ⚠ treino_mk1 — erro no ticker WRB: Invalid classes inferred from unique values of `y`.  Expected: [0 1], got [-1  0]
2026-03-04 18:06:42 | WARNING | ⚠ treino_mk1 — erro no ticker OMC: Invalid classes inferred from unique values of `y`.  Expected: [0 1 2], got [-1  0  1]
2026-03-04 18:06:42 | WARNING | ⚠ treino_mk1 — erro no ticker AWK: Invalid classes inferred from unique values of `y`.  Expected: [0 1], got [-1  0]
2026-03-04 18:06:42 | WARNING | ⚠ treino_mk1 — erro no ticker MTD: Invalid classes inferred from unique values of `y`.  Expected: [0 1 2], got [-1  0  1]
2026-03-04 18:06:42 | WARNING | ⚠ treino_mk1 — erro no ticker LEN: Invalid classes inferred from unique values of `y`.  Expected: [0 1 2], got [-1  0  1]
2026-03-04 18:06:42 | WARNING | ⚠ treino_mk1 — erro no ticker PPG: Invalid classes inferred from unique values of `y`.  Expected: [0 1], got [-1  0]
2026-03-04 18:06:42 | WARNING | ⚠ treino_mk1 — erro no ticker CINF: Invalid classes inferred from unique values of `y`.  Expected: [0 1 2], got [-1  0  1]
2026-03-04 18:06:42 | WARNING | ⚠ treino_mk1 — erro no ticker STZ: Invalid classes inferred from unique values of `y`.  Expected: [0 1], got [-1  0]
2026-03-04 18:06:42 | WARNING | ⚠ treino_mk1 — erro no ticker HUBB: Invalid classes inferred from unique values of `y`.  Expected: [0 1 2], got [-1  0  1]
2026-03-04 18:06:42 | WARNING | ⚠ treino_mk1 — erro no ticker FIS: Invalid classes inferred from unique values of `y`.  Expected: [0 1], got [-1  0]
2026-03-04 18:06:42 | WARNING | ⚠ treino_mk1 — erro no ticker EXE: Invalid classes inferred from unique values of `y`.  Expected: [0 1], got [-1  0]
2026-03-04 18:06:42 | WARNING | ⚠ treino_mk1 — erro no ticker CFG: Invalid classes inferred from unique values of `y`.  Expected: [0 1 2], got [-1  0  1]
2026-03-04 18:06:42 | WARNING | ⚠ treino_mk1 — erro no ticker ARES: Invalid classes inferred from unique values of `y`.  Expected: [0 1], got [-1  0]
2026-03-04 18:06:42 | WARNING | ⚠ treino_mk1 — erro no ticker PHM: Invalid classes inferred from unique values of `y`.  Expected: [0 1 2], got [-1  0  1]
2026-03-04 18:06:42 | WARNING | ⚠ treinamento — [Q] dados insuficientes (0 linhas), ticker ignorado
2026-03-04 18:06:43 | WARNING | ⚠ treino_mk1 — erro no ticker AVB: Invalid classes inferred from unique values of `y`.  Expected: [0 1], got [-1  0]
2026-03-04 18:06:43 | WARNING | ⚠ treino_mk1 — erro no ticker ON: Invalid classes inferred from unique values of `y`.  Expected: [0 1 2], got [-1  0  1]
2026-03-04 18:06:43 | WARNING | ⚠ treino_mk1 — erro no ticker EFX: Invalid classes inferred from unique values of `y`.  Expected: [0 1 2], got [-1  0  1]
2026-03-04 18:06:43 | WARNING | ⚠ treino_mk1 — erro no ticker BRO: Invalid classes inferred from unique values of `y`.  Expected: [0 1], got [-1  0]
2026-03-04 18:06:43 | WARNING | ⚠ treino_mk1 — erro no ticker CHD: Invalid classes inferred from unique values of `y`.  Expected: [0 1], got [-1  0]
2026-03-04 18:06:43 | WARNING | ⚠ treino_mk1 — erro no ticker SYF: Invalid classes inferred from unique values of `y`.  Expected: [0 1 2], got [-1  0  1]
2026-03-04 18:06:43 | WARNING | ⚠ treino_mk1 — erro no ticker RF: Invalid classes inferred from unique values of `y`.  Expected: [0 1 2], got [-1  0  1]
2026-03-04 18:06:43 | WARNING | ⚠ treino_mk1 — erro no ticker STE: Invalid classes inferred from unique values of `y`.  Expected: [0 1], got [-1  0]
2026-03-04 18:06:43 | WARNING | ⚠ treino_mk1 — erro no ticker DRI: Invalid classes inferred from unique values of `y`.  Expected: [0 1 2], got [-1  0  1]
2026-03-04 18:06:43 | WARNING | ⚠ treino_mk1 — erro no ticker SW: Invalid classes inferred from unique values of `y`.  Expected: [0 1 2], got [-1  0  1]
2026-03-04 18:06:43 | WARNING | ⚠ treino_mk1 — erro no ticker WSM: Invalid classes inferred from unique values of `y`.  Expected: [0 1 2], got [-1  0  1]
2026-03-04 18:06:43 | WARNING | ⚠ treino_mk1 — erro no ticker VLTO: Invalid classes inferred from unique values of `y`.  Expected: [0 1], got [-1  0]
2026-03-04 18:06:43 | WARNING | ⚠ treino_mk1 — erro no ticker EQR: Invalid classes inferred from unique values of `y`.  Expected: [0 1], got [-1  0]
2026-03-04 18:06:43 | WARNING | ⚠ treino_mk1 — erro no ticker LUV: Invalid classes inferred from unique values of `y`.  Expected: [0 1], got [-1  0]
2026-03-04 18:06:43 | WARNING | ⚠ treino_mk1 — erro no ticker CPAY: Invalid classes inferred from unique values of `y`.  Expected: [0 1], got [-1  0]
2026-03-04 18:06:43 | WARNING | ⚠ treino_mk1 — erro no ticker DLTR: Invalid classes inferred from unique values of `y`.  Expected: [0 1 2], got [-1  0  1]
2026-03-04 18:06:43 | WARNING | ⚠ treino_mk1 — erro no ticker LH: Invalid classes inferred from unique values of `y`.  Expected: [0 1], got [-1  0]
2026-03-04 18:06:43 | WARNING | ⚠ treino_mk1 — erro no ticker GIS: Invalid classes inferred from unique values of `y`.  Expected: [0 1], got [-1  0]
2026-03-04 18:06:43 | WARNING | ⚠ treino_mk1 — erro no ticker DOW: Invalid classes inferred from unique values of `y`.  Expected: [0 1], got [-1  0]
2026-03-04 18:06:43 | WARNING | ⚠ treino_mk1 — erro no ticker CTRA: Invalid classes inferred from unique values of `y`.  Expected: [0 1], got [-1  0]
2026-03-04 18:06:43 | WARNING | ⚠ treino_mk1 — erro no ticker DGX: Invalid classes inferred from unique values of `y`.  Expected: [0 1], got [-1  0]
2026-03-04 18:06:43 | WARNING | ⚠ treino_mk1 — erro no ticker LDOS: Invalid classes inferred from unique values of `y`.  Expected: [0 1], got [-1  0]
2026-03-04 18:06:43 | WARNING | ⚠ treino_mk1 — erro no ticker NI: Invalid classes inferred from unique values of `y`.  Expected: [0 1], got [-1  0]
2026-03-04 18:06:43 | WARNING | ⚠ treino_mk1 — erro no ticker IP: Invalid classes inferred from unique values of `y`.  Expected: [0 1 2], got [-1  0  1]
2026-03-04 18:06:43 | WARNING | ⚠ treino_mk1 — erro no ticker KEY: Invalid classes inferred from unique values of `y`.  Expected: [0 1 2], got [-1  0  1]
2026-03-04 18:06:43 | WARNING | ⚠ treino_mk1 — erro no ticker CHRW: Invalid classes inferred from unique values of `y`.  Expected: [0 1 2], got [-1  0  1]
2026-03-04 18:06:43 | WARNING | ⚠ treino_mk1 — erro no ticker BG: Invalid classes inferred from unique values of `y`.  Expected: [0 1 2], got [-1  0  1]
2026-03-04 18:06:43 | WARNING | ⚠ treino_mk1 — erro no ticker BR: Invalid classes inferred from unique values of `y`.  Expected: [0 1], got [-1  0]
2026-03-04 18:06:43 | WARNING | ⚠ treino_mk1 — erro no ticker CNC: Invalid classes inferred from unique values of `y`.  Expected: [0 1 2], got [-1  0  1]
2026-03-04 18:06:43 | WARNING | ⚠ treino_mk1 — erro no ticker TSN: Invalid classes inferred from unique values of `y`.  Expected: [0 1 2], got [-1  0  1]
2026-03-04 18:06:43 | WARNING | ⚠ treino_mk1 — erro no ticker JBHT: Invalid classes inferred from unique values of `y`.  Expected: [0 1], got [-1  0]
2026-03-04 18:06:43 | WARNING | ⚠ treino_mk1 — erro no ticker HUM: Invalid classes inferred from unique values of `y`.  Expected: [0 1 2], got [-1  0  1]
2026-03-04 18:06:43 | WARNING | ⚠ treino_mk1 — erro no ticker GPN: Invalid classes inferred from unique values of `y`.  Expected: [0 1], got [-1  0]
2026-03-04 18:06:43 | WARNING | ⚠ treino_mk1 — erro no ticker RL: Invalid classes inferred from unique values of `y`.  Expected: [0 1 2], got [-1  0  1]
2026-03-04 18:06:43 | WARNING | ⚠ treino_mk1 — erro no ticker VRSN: Invalid classes inferred from unique values of `y`.  Expected: [0 1], got [-1  0]
2026-03-04 18:06:43 | WARNING | ⚠ treino_mk1 — erro no ticker FSLR: Invalid classes inferred from unique values of `y`.  Expected: [0 1 2], got [-1  0  1]
2026-03-04 18:06:43 | WARNING | ⚠ treino_mk1 — erro no ticker AMCR: Invalid classes inferred from unique values of `y`.  Expected: [0 1], got [-1  0]
2026-03-04 18:06:43 | WARNING | ⚠ treino_mk1 — erro no ticker MRNA: Invalid classes inferred from unique values of `y`.  Expected: [0 1 2], got [-1  0  1]
2026-03-04 18:06:43 | WARNING | ⚠ treino_mk1 — erro no ticker PKG: Invalid classes inferred from unique values of `y`.  Expected: [0 1 2], got [-1  0  1]
2026-03-04 18:06:43 | WARNING | ⚠ treino_mk1 — erro no ticker SBAC: Invalid classes inferred from unique values of `y`.  Expected: [0 1], got [-1  0]
2026-03-04 18:06:43 | WARNING | ⚠ treino_mk1 — erro no ticker CSGP: Invalid classes inferred from unique values of `y`.  Expected: [0 1 2], got [-1  0  1]
2026-03-04 18:06:43 | WARNING | ⚠ treino_mk1 — erro no ticker TROW: Invalid classes inferred from unique values of `y`.  Expected: [0 1 2], got [-1  0  1]
2026-03-04 18:06:43 | WARNING | ⚠ treino_mk1 — erro no ticker LULU: Invalid classes inferred from unique values of `y`.  Expected: [0 1 2], got [-1  0  1]
2026-03-04 18:06:43 | WARNING | ⚠ treino_mk1 — erro no ticker NVR: Invalid classes inferred from unique values of `y`.  Expected: [0 1 2], got [-1  0  1]
2026-03-04 18:06:43 | WARNING | ⚠ treino_mk1 — erro no ticker PFG: Invalid classes inferred from unique values of `y`.  Expected: [0 1], got [-1  0]
2026-03-04 18:06:43 | WARNING | ⚠ treino_mk1 — erro no ticker LYB: Invalid classes inferred from unique values of `y`.  Expected: [0 1], got [-1  0]
2026-03-04 18:06:43 | WARNING | ⚠ treino_mk1 — erro no ticker IFF: Invalid classes inferred from unique values of `y`.  Expected: [0 1], got [-1  0]
2026-03-04 18:06:43 | WARNING | ⚠ treino_mk1 — erro no ticker SNA: Invalid classes inferred from unique values of `y`.  Expected: [0 1], got [-1  0]
2026-03-04 18:06:43 | WARNING | ⚠ treino_mk1 — erro no ticker ALB: Invalid classes inferred from unique values of `y`.  Expected: [0 1 2], got [-1  0  1]
2026-03-04 18:06:43 | WARNING | ⚠ treino_mk1 — erro no ticker NTAP: Invalid classes inferred from unique values of `y`.  Expected: [0 1 2], got [-1  0  1]
2026-03-04 18:06:43 | WARNING | ⚠ treino_mk1 — erro no ticker DD: Invalid classes inferred from unique values of `y`.  Expected: [0 1], got [-1  0]
2026-03-04 18:06:43 | WARNING | ⚠ treino_mk1 — erro no ticker EXPD: Invalid classes inferred from unique values of `y`.  Expected: [0 1], got [-1  0]
2026-03-04 18:06:43 | WARNING | ⚠ treino_mk1 — erro no ticker SMCI: Invalid classes inferred from unique values of `y`.  Expected: [0 1 2], got [-1  0  1]
2026-03-04 18:06:43 | WARNING | ⚠ treino_mk1 — erro no ticker INCY: Invalid classes inferred from unique values of `y`.  Expected: [0 1 2], got [-1  0  1]
2026-03-04 18:06:43 | WARNING | ⚠ treino_mk1 — erro no ticker EVRG: Invalid classes inferred from unique values of `y`.  Expected: [0 1], got [-1  0]
2026-03-04 18:06:43 | WARNING | ⚠ treino_mk1 — erro no ticker PTC: Invalid classes inferred from unique values of `y`.  Expected: [0 1 2], got [-1  0  1]
2026-03-04 18:06:43 | WARNING | ⚠ treino_mk1 — erro no ticker ZBH: Invalid classes inferred from unique values of `y`.  Expected: [0 1], got [-1  0]
2026-03-04 18:06:43 | WARNING | ⚠ treino_mk1 — erro no ticker LII: Invalid classes inferred from unique values of `y`.  Expected: [0 1 2], got [-1  0  1]
2026-03-04 18:06:43 | WARNING | ⚠ treino_mk1 — erro no ticker FTV: Invalid classes inferred from unique values of `y`.  Expected: [0 1], got [-1  0]
2026-03-04 18:06:43 | WARNING | ⚠ treino_mk1 — erro no ticker WST: Invalid classes inferred from unique values of `y`.  Expected: [0 1 2], got [-1  0  1]
2026-03-04 18:06:43 | WARNING | ⚠ treino_mk1 — erro no ticker MKC: Invalid classes inferred from unique values of `y`.  Expected: [0 1 2], got [-1  0  1]
2026-03-04 18:06:43 | WARNING | ⚠ treino_mk1 — erro no ticker WY: Invalid classes inferred from unique values of `y`.  Expected: [0 1], got [-1  0]
2026-03-04 18:06:43 | WARNING | ⚠ treino_mk1 — erro no ticker HPQ: Invalid classes inferred from unique values of `y`.  Expected: [0 1 2], got [-1  0  1]
2026-03-04 18:06:43 | WARNING | ⚠ treino_mk1 — erro no ticker PODD: Invalid classes inferred from unique values of `y`.  Expected: [0 1 2], got [-1  0  1]
2026-03-04 18:06:43 | WARNING | ⚠ treino_mk1 — erro no ticker BALL: Invalid classes inferred from unique values of `y`.  Expected: [0 1 2], got [-1  0  1]
2026-03-04 18:06:43 | WARNING | ⚠ treino_mk1 — erro no ticker TXT: Invalid classes inferred from unique values of `y`.  Expected: [0 1 2], got [-1  0  1]
2026-03-04 18:06:44 | WARNING | ⚠ treino_mk1 — erro no ticker HII: Invalid classes inferred from unique values of `y`.  Expected: [0 1 2], got [-1  0  1]
2026-03-04 18:06:44 | WARNING | ⚠ treino_mk1 — erro no ticker TKO: Invalid classes inferred from unique values of `y`.  Expected: [0 1 2], got [-1  0  1]
2026-03-04 18:06:44 | WARNING | ⚠ treino_mk1 — erro no ticker VTRS: Invalid classes inferred from unique values of `y`.  Expected: [0 1 2], got [-1  0  1]
2026-03-04 18:06:44 | WARNING | ⚠ treino_mk1 — erro no ticker HOLX: Invalid classes inferred from unique values of `y`.  Expected: [0 1], got [-1  0]
2026-03-04 18:06:44 | WARNING | ⚠ treino_mk1 — erro no ticker TRMB: Invalid classes inferred from unique values of `y`.  Expected: [0 1 2], got [-1  0  1]
2026-03-04 18:06:44 | WARNING | ⚠ treino_mk1 — erro no ticker ESS: Invalid classes inferred from unique values of `y`.  Expected: [0 1], got [-1  0]
2026-03-04 18:06:44 | WARNING | ⚠ treino_mk1 — erro no ticker J: Invalid classes inferred from unique values of `y`.  Expected: [0 1], got [-1  0]
2026-03-04 18:06:44 | WARNING | ⚠ treino_mk1 — erro no ticker CF: Invalid classes inferred from unique values of `y`.  Expected: [0 1], got [-1  0]
2026-03-04 18:06:44 | WARNING | ⚠ treino_mk1 — erro no ticker NDSN: Invalid classes inferred from unique values of `y`.  Expected: [0 1], got [-1  0]
2026-03-04 18:06:44 | WARNING | ⚠ treino_mk1 — erro no ticker INVH: Invalid classes inferred from unique values of `y`.  Expected: [0 1], got [-1  0]
2026-03-04 18:06:44 | WARNING | ⚠ treino_mk1 — erro no ticker GPC: Invalid classes inferred from unique values of `y`.  Expected: [0 1 2], got [-1  0  1]
2026-03-04 18:06:44 | WARNING | ⚠ treino_mk1 — erro no ticker COO: Invalid classes inferred from unique values of `y`.  Expected: [0 1 2], got [-1  0  1]
2026-03-04 18:06:44 | WARNING | ⚠ treino_mk1 — erro no ticker PNR: Invalid classes inferred from unique values of `y`.  Expected: [0 1 2], got [-1  0  1]
2026-03-04 18:06:44 | WARNING | ⚠ treino_mk1 — erro no ticker FFIV: Invalid classes inferred from unique values of `y`.  Expected: [0 1 2], got [-1  0  1]
2026-03-04 18:06:44 | WARNING | ⚠ treino_mk1 — erro no ticker CDW: Invalid classes inferred from unique values of `y`.  Expected: [0 1], got [-1  0]
2026-03-04 18:06:44 | WARNING | ⚠ treino_mk1 — erro no ticker KIM: Invalid classes inferred from unique values of `y`.  Expected: [0 1], got [-1  0]
2026-03-04 18:06:44 | WARNING | ⚠ treino_mk1 — erro no ticker TYL: Invalid classes inferred from unique values of `y`.  Expected: [0 1], got [-1  0]
2026-03-04 18:06:44 | WARNING | ⚠ treino_mk1 — erro no ticker IEX: Invalid classes inferred from unique values of `y`.  Expected: [0 1], got [-1  0]
2026-03-04 18:06:44 | WARNING | ⚠ treino_mk1 — erro no ticker APTV: Invalid classes inferred from unique values of `y`.  Expected: [0 1 2], got [-1  0  1]
2026-03-04 18:06:44 | WARNING | ⚠ treino_mk1 — erro no ticker DECK: Invalid classes inferred from unique values of `y`.  Expected: [0 1 2], got [-1  0  1]
2026-03-04 18:06:44 | WARNING | ⚠ treino_mk1 — erro no ticker AKAM: Invalid classes inferred from unique values of `y`.  Expected: [0 1 2], got [-1  0  1]
2026-03-04 18:06:44 | WARNING | ⚠ treino_mk1 — erro no ticker REG: Invalid classes inferred from unique values of `y`.  Expected: [0 1], got [-1  0]
2026-03-04 18:06:44 | WARNING | ⚠ treino_mk1 — erro no ticker AVY: Invalid classes inferred from unique values of `y`.  Expected: [0 1], got [-1  0]
2026-03-04 18:06:44 | WARNING | ⚠ treino_mk1 — erro no ticker ERIE: Invalid classes inferred from unique values of `y`.  Expected: [0 1 2], got [-1  0  1]
2026-03-04 18:06:44 | WARNING | ⚠ treino_mk1 — erro no ticker CLX: Invalid classes inferred from unique values of `y`.  Expected: [0 1], got [-1  0]
2026-03-04 18:06:44 | WARNING | ⚠ treino_mk1 — erro no ticker BBY: Invalid classes inferred from unique values of `y`.  Expected: [0 1 2], got [-1  0  1]
2026-03-04 18:06:44 | WARNING | ⚠ treino_mk1 — erro no ticker MAS: Invalid classes inferred from unique values of `y`.  Expected: [0 1 2], got [-1  0  1]
2026-03-04 18:06:44 | WARNING | ⚠ treino_mk1 — erro no ticker BEN: Invalid classes inferred from unique values of `y`.  Expected: [0 1 2], got [-1  0  1]
2026-03-04 18:06:44 | WARNING | ⚠ treino_mk1 — erro no ticker PSKY: Invalid classes inferred from unique values of `y`.  Expected: [0 1 2], got [-1  0  1]
2026-03-04 18:06:44 | WARNING | ⚠ treino_mk1 — erro no ticker HST: Invalid classes inferred from unique values of `y`.  Expected: [0 1], got [-1  0]
2026-03-04 18:06:44 | WARNING | ⚠ treino_mk1 — erro no ticker DPZ: Invalid classes inferred from unique values of `y`.  Expected: [0 1 2], got [-1  0  1]
2026-03-04 18:06:44 | WARNING | ⚠ treino_mk1 — erro no ticker ALLE: Invalid classes inferred from unique values of `y`.  Expected: [0 1], got [-1  0]
2026-03-04 18:06:44 | WARNING | ⚠ treino_mk1 — erro no ticker EG: Invalid classes inferred from unique values of `y`.  Expected: [0 1], got [-1  0]
2026-03-04 18:06:44 | WARNING | ⚠ treino_mk1 — erro no ticker HAS: Invalid classes inferred from unique values of `y`.  Expected: [0 1 2], got [-1  0  1]
2026-03-04 18:06:44 | WARNING | ⚠ treino_mk1 — erro no ticker GEN: Invalid classes inferred from unique values of `y`.  Expected: [0 1 2], got [-1  0  1]
2026-03-04 18:06:44 | WARNING | ⚠ treino_mk1 — erro no ticker HRL: Invalid classes inferred from unique values of `y`.  Expected: [0 1 2], got [-1  0  1]
2026-03-04 18:06:44 | WARNING | ⚠ treino_mk1 — erro no ticker ALGN: Invalid classes inferred from unique values of `y`.  Expected: [0 1 2], got [-1  0  1]
2026-03-04 18:06:44 | WARNING | ⚠ treino_mk1 — erro no ticker GNRC: Invalid classes inferred from unique values of `y`.  Expected: [0 1 2], got [-1  0  1]
2026-03-04 18:06:44 | WARNING | ⚠ treino_mk1 — erro no ticker UHS: Invalid classes inferred from unique values of `y`.  Expected: [0 1 2], got [-1  0  1]
2026-03-04 18:06:44 | WARNING | ⚠ treino_mk1 — erro no ticker SWK: Invalid classes inferred from unique values of `y`.  Expected: [0 1 2], got [-1  0  1]
2026-03-04 18:06:44 | WARNING | ⚠ treino_mk1 — erro no ticker SOLV: Invalid classes inferred from unique values of `y`.  Expected: [0 1], got [-1  0]
2026-03-04 18:06:44 | WARNING | ⚠ treino_mk1 — erro no ticker UDR: Invalid classes inferred from unique values of `y`.  Expected: [0 1], got [-1  0]
2026-03-04 18:06:44 | WARNING | ⚠ treino_mk1 — erro no ticker PNW: Invalid classes inferred from unique values of `y`.  Expected: [0 1], got [-1  0]
2026-03-04 18:06:44 | WARNING | ⚠ treino_mk1 — erro no ticker TTD: Invalid classes inferred from unique values of `y`.  Expected: [0 1 2], got [-1  0  1]
2026-03-04 18:06:44 | WARNING | ⚠ treino_mk1 — erro no ticker JKHY: Invalid classes inferred from unique values of `y`.  Expected: [0 1], got [-1  0]
2026-03-04 18:06:44 | WARNING | ⚠ treino_mk1 — erro no ticker SJM: Invalid classes inferred from unique values of `y`.  Expected: [0 1], got [-1  0]
2026-03-04 18:06:44 | WARNING | ⚠ treino_mk1 — erro no ticker DOC: Invalid classes inferred from unique values of `y`.  Expected: [0 1], got [-1  0]
2026-03-04 18:06:44 | WARNING | ⚠ treino_mk1 — erro no ticker GDDY: Invalid classes inferred from unique values of `y`.  Expected: [0 1 2], got [-1  0  1]
2026-03-04 18:06:44 | WARNING | ⚠ treino_mk1 — erro no ticker FOX: Invalid classes inferred from unique values of `y`.  Expected: [0 1], got [-1  0]
2026-03-04 18:06:44 | WARNING | ⚠ treinamento — [BF.B] dados insuficientes (0 linhas), ticker ignorado
2026-03-04 18:06:44 | WARNING | ⚠ treino_mk1 — erro no ticker FOXA: Invalid classes inferred from unique values of `y`.  Expected: [0 1], got [-1  0]
2026-03-04 18:06:44 | WARNING | ⚠ treino_mk1 — erro no ticker IT: Invalid classes inferred from unique values of `y`.  Expected: [0 1 2], got [-1  0  1]
2026-03-04 18:06:44 | WARNING | ⚠ treino_mk1 — erro no ticker AIZ: Invalid classes inferred from unique values of `y`.  Expected: [0 1 2], got [-1  0  1]
2026-03-04 18:06:44 | WARNING | ⚠ treino_mk1 — erro no ticker GL: Invalid classes inferred from unique values of `y`.  Expected: [0 1 2], got [-1  0  1]
2026-03-04 18:06:44 | WARNING | ⚠ treino_mk1 — erro no ticker ZBRA: Invalid classes inferred from unique values of `y`.  Expected: [0 1 2], got [-1  0  1]
2026-03-04 18:06:44 | WARNING | ⚠ treino_mk1 — erro no ticker IVZ: Invalid classes inferred from unique values of `y`.  Expected: [0 1 2], got [-1  0  1]
2026-03-04 18:06:44 | WARNING | ⚠ treino_mk1 — erro no ticker CPT: Invalid classes inferred from unique values of `y`.  Expected: [0 1], got [-1  0]
2026-03-04 18:06:44 | WARNING | ⚠ treino_mk1 — erro no ticker APA: Invalid classes inferred from unique values of `y`.  Expected: [0 1], got [-1  0]
2026-03-04 18:06:44 | WARNING | ⚠ treino_mk1 — erro no ticker RVTY: Invalid classes inferred from unique values of `y`.  Expected: [0 1 2], got [-1  0  1]
2026-03-04 18:06:44 | WARNING | ⚠ treino_mk1 — erro no ticker WYNN: Invalid classes inferred from unique values of `y`.  Expected: [0 1 2], got [-1  0  1]
2026-03-04 18:06:44 | WARNING | ⚠ treino_mk1 — erro no ticker BLDR: Invalid classes inferred from unique values of `y`.  Expected: [0 1 2], got [-1  0  1]
2026-03-04 18:06:44 | WARNING | ⚠ treino_mk1 — erro no ticker DVA: Invalid classes inferred from unique values of `y`.  Expected: [0 1 2], got [-1  0  1]
2026-03-04 18:06:44 | WARNING | ⚠ treino_mk1 — erro no ticker AOS: Invalid classes inferred from unique values of `y`.  Expected: [0 1 2], got [-1  0  1]
2026-03-04 18:06:44 | WARNING | ⚠ treino_mk1 — erro no ticker AES: Invalid classes inferred from unique values of `y`.  Expected: [0 1 2], got [-1  0  1]
2026-03-04 18:06:44 | WARNING | ⚠ treino_mk1 — erro no ticker NCLH: Invalid classes inferred from unique values of `y`.  Expected: [0 1 2], got [-1  0  1]
2026-03-04 18:06:44 | WARNING | ⚠ treino_mk1 — erro no ticker BAX: Invalid classes inferred from unique values of `y`.  Expected: [0 1], got [-1  0]
2026-03-04 18:06:44 | WARNING | ⚠ treino_mk1 — erro no ticker HSIC: Invalid classes inferred from unique values of `y`.  Expected: [0 1], got [-1  0]
2026-03-04 18:06:44 | WARNING | ⚠ treino_mk1 — erro no ticker FRT: Invalid classes inferred from unique values of `y`.  Expected: [0 1], got [-1  0]
2026-03-04 18:06:44 | WARNING | ⚠ treino_mk1 — erro no ticker MGM: Invalid classes inferred from unique values of `y`.  Expected: [0 1 2], got [-1  0  1]
2026-03-04 18:06:44 | WARNING | ⚠ treino_mk1 — erro no ticker ARE: Invalid classes inferred from unique values of `y`.  Expected: [0 1 2], got [-1  0  1]
2026-03-04 18:06:44 | WARNING | ⚠ treino_mk1 — erro no ticker TECH: Invalid classes inferred from unique values of `y`.  Expected: [0 1 2], got [-1  0  1]
2026-03-04 18:06:44 | WARNING | ⚠ treino_mk1 — erro no ticker CAG: Invalid classes inferred from unique values of `y`.  Expected: [0 1], got [-1  0]
2026-03-04 18:06:44 | WARNING | ⚠ treino_mk1 — erro no ticker NWSA: Invalid classes inferred from unique values of `y`.  Expected: [0 1], got [-1  0]
2026-03-04 18:06:45 | WARNING | ⚠ treino_mk1 — erro no ticker BXP: Invalid classes inferred from unique values of `y`.  Expected: [0 1 2], got [-1  0  1]
2026-03-04 18:06:45 | WARNING | ⚠ treino_mk1 — erro no ticker CRL: Invalid classes inferred from unique values of `y`.  Expected: [0 1 2], got [-1  0  1]
2026-03-04 18:06:45 | WARNING | ⚠ treino_mk1 — erro no ticker TAP: Invalid classes inferred from unique values of `y`.  Expected: [0 1], got [-1  0]
2026-03-04 18:06:45 | WARNING | ⚠ treino_mk1 — erro no ticker SWKS: Invalid classes inferred from unique values of `y`.  Expected: [0 1 2], got [-1  0  1]
2026-03-04 18:06:45 | WARNING | ⚠ treino_mk1 — erro no ticker MOS: Invalid classes inferred from unique values of `y`.  Expected: [0 1], got [-1  0]
2026-03-04 18:06:45 | WARNING | ⚠ treino_mk1 — erro no ticker FDS: Invalid classes inferred from unique values of `y`.  Expected: [0 1], got [-1  0]
2026-03-04 18:06:45 | WARNING | ⚠ treino_mk1 — erro no ticker POOL: Invalid classes inferred from unique values of `y`.  Expected: [0 1 2], got [-1  0  1]
2026-03-04 18:06:45 | WARNING | ⚠ treino_mk1 — erro no ticker MOH: Invalid classes inferred from unique values of `y`.  Expected: [0 1 2], got [-1  0  1]
2026-03-04 18:06:45 | WARNING | ⚠ treino_mk1 — erro no ticker EPAM: Invalid classes inferred from unique values of `y`.  Expected: [0 1 2], got [-1  0  1]
2026-03-04 18:06:45 | WARNING | ⚠ treino_mk1 — erro no ticker CPB: Invalid classes inferred from unique values of `y`.  Expected: [0 1], got [-1  0]
2026-03-04 18:06:45 | WARNING | ⚠ treino_mk1 — erro no ticker MTCH: Invalid classes inferred from unique values of `y`.  Expected: [0 1 2], got [-1  0  1]
2026-03-04 18:06:45 | WARNING | ⚠ treino_mk1 — erro no ticker PAYC: Invalid classes inferred from unique values of `y`.  Expected: [0 1 2], got [-1  0  1]
2026-03-04 18:06:45 | WARNING | ⚠ treino_mk1 — erro no ticker LW: Invalid classes inferred from unique values of `y`.  Expected: [0 1 2], got [-1  0  1]
2026-03-04 18:06:45 | WARNING | ⚠ treino_mk1 — erro no ticker NWS: Invalid classes inferred from unique values of `y`.  Expected: [0 1], got [-1  0]
2026-03-04 18:06:45 | WARNING | ⚠ treino_mk1 — 488 ticker(s) com falha: ['NVDA', 'AAPL', 'MSFT', 'AMZN', 'GOOGL', 'GOOG', 'META', 'TSLA', 'AVGO', 'WMT', 'LLY', 'JPM', 'XOM', 'V', 'JNJ', 'MA', 'MU', 'COST', 'ORCL', 'NFLX', 'ABBV', 'CVX', 'PG', 'PLTR', 'HD', 'BAC', 'GE', 'CAT', 'KO', 'AMD', 'CSCO', 'MRK', 'AMAT', 'LRCX', 'RTX', 'PM', 'MS', 'UNH', 'GS', 'WFC', 'TMUS', 'MCD', 'IBM', 'LIN', 'GEV', 'INTC', 'PEP', 'VZ', 'AXP', 'AMGN', 'T', 'ABT', 'C', 'KLAC', 'NEE', 'TMO', 'TXN', 'DIS', 'GILD', 'CRM', 'TJX', 'ISRG', 'BA', 'SCHW', 'DE', 'ADI', 'ANET', 'BLK', 'APH', 'UBER', 'APP', 'UNP', 'HON', 'LMT', 'PFE', 'QCOM', 'SYK', 'LOW', 'DHR', 'WELL', 'COP', 'ETN', 'BKNG', 'SPGI', 'ACN', 'NEM', 'CB', 'PANW', 'PLD', 'BMY', 'GLW', 'PH', 'PGR', 'MDT', 'HCA', 'COF', 'INTU', 'VRTX', 'MCK', 'NOW', 'CEG', 'CME', 'CMCSA', 'MO', 'ADBE', 'SBUX', 'BSX', 'NOC', 'HWM', 'CVS', 'CRWD', 'TT', 'GD', 'WM', 'DELL', 'UPS', 'FCX', 'EQIX', 'ICE', 'WDC', 'WMB', 'FDX', 'MAR', 'BX', 'SNDK', 'MRSH', 'AMT', 'ADP', 'NKE', 'STX', 'PNC', 'SHW', 'JCI', 'PWR', 'MMM', 'USB', 'ECL', 'MCO', 'KKR', 'ITW', 'REGN', 'EMR', 'CDNS', 'ABNB', 'SNPS', 'BK', 'CTAS', 'RCL', 'CSX', 'CMI', 'ORLY', 'MSI', 'DASH', 'MNST', 'CL', 'CRH', 'CI', 'KMI', 'TDG', 'MDLZ', 'HOOD', 'AON', 'COR', 'SLB', 'AEP', 'RSG', 'GM', 'NSC', 'HLT', 'WBD', 'ROST', 'LHX', 'VLO', 'EOG', 'TRV', 'SPG', 'PCAR', 'PSX', 'MPC', 'ELV', 'APO', 'SRE', 'TFC', 'DLR', 'FTNT', 'TEL', 'O', 'AZO', 'APD', 'BKR', 'AJG', 'AFL', 'COIN', 'ALL', 'TGT', 'VST', 'NXPI', 'D', 'GWW', 'ADSK', 'AME', 'URI', 'FAST', 'PSA', 'ZTS', 'OKE', 'CTVA', 'MPWR', 'OXY', 'CAH', 'KEYS', 'F', 'TRGP', 'CARR', 'IDXX', 'NDAQ', 'FIX', 'EA', 'EXC', 'FANG', 'EW', 'XEL', 'BDX', 'CIEN', 'GRMN', 'ETR', 'TER', 'CMG', 'MET', 'HSY', 'AXON', 'CVNA', 'ODFL', 'FITB', 'WAB', 'ROK', 'DHI', 'PYPL', 'AMP', 'KR', 'DAL', 'CBRE', 'AIG', 'MSCI', 'DDOG', 'PEG', 'SYY', 'PCG', 'VTR', 'EBAY', 'NUE', 'XYZ', 'TTWO', 'MLM', 'KDP', 'CCL', 'CCI', 'HIG', 'VMC', 'MCHP', 'LVS', 'WDAY', 'EQT', 'RMD', 'ROP', 'CPRT', 'LYV', 'EL', 'TPL', 'GEHC', 'IR', 'OTIS', 'NRG', 'ACGL', 'STT', 'KVUE', 'KMB', 'FICO', 'PRU', 'PAYX', 'HBAN', 'A', 'UAL', 'EME', 'DG', 'MTB', 'ADM', 'VICI', 'IRM', 'TPR', 'TDY', 'EXR', 'CBOE', 'XYL', 'AEE', 'CTSH', 'IBKR', 'WAT', 'RJF', 'DOV', 'IQV', 'VRSK', 'ULTA', 'FE', 'CHTR', 'HPE', 'HAL', 'PPL', 'WTW', 'STLD', 'ROL', 'EIX', 'CNP', 'ES', 'KHC', 'DXCM', 'BIIB', 'EXPE', 'TSCO', 'JBL', 'DVN', 'NTRS', 'WRB', 'OMC', 'AWK', 'MTD', 'LEN', 'PPG', 'CINF', 'STZ', 'HUBB', 'FIS', 'EXE', 'CFG', 'ARES', 'PHM', 'AVB', 'ON', 'EFX', 'BRO', 'CHD', 'SYF', 'RF', 'STE', 'DRI', 'SW', 'WSM', 'VLTO', 'EQR', 'LUV', 'CPAY', 'DLTR', 'LH', 'GIS', 'DOW', 'CTRA', 'DGX', 'LDOS', 'NI', 'IP', 'KEY', 'CHRW', 'BG', 'BR', 'CNC', 'TSN', 'JBHT', 'HUM', 'GPN', 'RL', 'VRSN', 'FSLR', 'AMCR', 'MRNA', 'PKG', 'SBAC', 'CSGP', 'TROW', 'LULU', 'NVR', 'PFG', 'LYB', 'IFF', 'SNA', 'ALB', 'NTAP', 'DD', 'EXPD', 'SMCI', 'INCY', 'EVRG', 'PTC', 'ZBH', 'LII', 'FTV', 'WST', 'MKC', 'WY', 'HPQ', 'PODD', 'BALL', 'TXT', 'HII', 'TKO', 'VTRS', 'HOLX', 'TRMB', 'ESS', 'J', 'CF', 'NDSN', 'INVH', 'GPC', 'COO', 'PNR', 'FFIV', 'CDW', 'KIM', 'TYL', 'IEX', 'APTV', 'DECK', 'AKAM', 'REG', 'AVY', 'ERIE', 'CLX', 'BBY', 'MAS', 'BEN', 'PSKY', 'HST', 'DPZ', 'ALLE', 'EG', 'HAS', 'GEN', 'HRL', 'ALGN', 'GNRC', 'UHS', 'SWK', 'SOLV', 'UDR', 'PNW', 'TTD', 'JKHY', 'SJM', 'DOC', 'GDDY', 'FOX', 'FOXA', 'IT', 'AIZ', 'GL', 'ZBRA', 'IVZ', 'CPT', 'APA', 'RVTY', 'WYNN', 'BLDR', 'DVA', 'AOS', 'AES', 'NCLH', 'BAX', 'HSIC', 'FRT', 'MGM', 'ARE', 'TECH', 'CAG', 'NWSA', 'BXP', 'CRL', 'TAP', 'SWKS', 'MOS', 'FDS', 'POOL', 'MOH', 'EPAM', 'CPB', 'MTCH', 'PAYC', 'LW', 'NWS']
2026-03-04 18:06:45 | INFO |   treino_mk1 — 11 modelos treinados | previsoes_mk1.csv salvo
2026-03-04 18:06:45 | INFO | ✔ treino_mk1 (8.1s)
2026-03-04 18:06:45 | INFO | ▶ backtest — iniciando...
2026-03-04 18:06:45 | INFO | ✔ backtest (0.0s)
2026-03-04 18:06:45 | INFO | ▶ validar — iniciando...
2026-03-04 18:06:45 | ERROR | ✖ validar — TypeError: validar() takes 0 positional arguments but 1 was given
2026-03-04 18:06:45 | INFO | ============================================================
2026-03-04 18:06:45 | INFO |   FIM DA EXECUÇÃO — tempo total: 319.1s
2026-03-04 18:06:45 | INFO | ============================================================
