2026-03-04 18:19:44 | INFO | Execução Inicial — 04/03/2026 18:19:44
2026-03-04 18:19:44 | INFO | tickers_atuais — iniciado
2026-03-04 18:19:44 | INFO | tickers_atuais — 503 tickers obtidos
2026-03-04 18:19:44 | INFO | tickers_atuais (0.3s) — 503 tickers obtidos
2026-03-04 18:19:44 | INFO | features_mk1 — iniciado
2026-03-04 18:19:55 | INFO | features_mk1 — 501 tickers | 27 features geradas | 623525 linhas
2026-03-04 18:19:55 | WARNING | features_mk1 — 269179 valor(es) nulo(s) no dataset final (esperado para janelas de rolling)
2026-03-04 18:19:55 | INFO | features_mk1 (10.7s)
2026-03-04 18:19:55 | INFO | treino_mk1 — iniciado
2026-03-04 18:19:57 | WARNING | treinamento — [BRK.B] dados insuficientes (0 linhas), ticker ignorado
2026-03-04 18:20:22 | WARNING | treinamento — [FISV] dados insuficientes (0 linhas), ticker ignorado
2026-03-04 18:20:27 | WARNING | treinamento — [Q] dados insuficientes (0 linhas), ticker ignorado
2026-03-04 18:20:37 | WARNING | treinamento — [BF.B] dados insuficientes (0 linhas), ticker ignorado
2026-03-04 18:20:40 | INFO | treino_mk1 — 499 modelos treinados | previsoes_mk1.csv salvo
2026-03-04 18:20:40 | INFO | treino_mk1 (45.8s)
2026-03-04 18:20:40 | INFO | backtest — iniciado
2026-03-04 18:20:40 | INFO | backtest (0.0s)
2026-03-04 18:20:40 | INFO | validar — iniciado
2026-03-04 18:20:40 | INFO | validar (0.0s)
2026-03-04 18:20:40 | INFO | Execução Final — tempo total: 56.8s
