2026-03-04 19:23:35 | INFO | Execução Inicial — 04/03/2026 19:23:35
2026-03-04 19:23:35 | INFO | tickers_atuais — iniciado
2026-03-04 19:23:35 | INFO | tickers_atuais — 503 tickers obtidos
2026-03-04 19:23:35 | INFO | tickers_atuais (0.4s) — 503 tickers obtidos
2026-03-04 19:23:35 | INFO | features_mk1 — iniciado
2026-03-04 19:23:46 | INFO | features_mk1 — 501 tickers | 27 features geradas | 623525 linhas
2026-03-04 19:23:46 | WARNING | features_mk1 — 269179 valor(es) nulo(s) no dataset final (esperado para janelas de rolling)
2026-03-04 19:23:46 | INFO | features_mk1 (10.7s)
2026-03-04 19:23:46 | INFO | treino_mk1 — iniciado
2026-03-04 19:23:49 | WARNING | treinamento — [BRK.B] dados insuficientes (0 linhas), ticker ignorado
2026-03-04 19:24:49 | WARNING | treinamento — [FISV] dados insuficientes (0 linhas), ticker ignorado
2026-03-04 19:25:01 | WARNING | treinamento — [Q] dados insuficientes (0 linhas), ticker ignorado
2026-03-04 19:25:25 | WARNING | treinamento — [BF.B] dados insuficientes (0 linhas), ticker ignorado
2026-03-04 19:25:35 | INFO | treino_mk1 — 499 modelos treinados | previsoes_mk1.csv salvo
2026-03-04 19:25:35 | INFO | treino_mk1 (109.1s)
2026-03-04 19:25:35 | INFO | estrategia — iniciado
2026-03-04 19:25:35 | ERROR | estrategia — UnboundLocalError: local variable 'estrategia' referenced before assignment
2026-03-04 19:25:35 | INFO | backtest — iniciado
2026-03-04 19:25:35 | ERROR | backtest — UnboundLocalError: local variable 'estrategia' referenced before assignment
2026-03-04 19:25:35 | INFO | validar — iniciado
2026-03-04 19:25:35 | INFO | validar (0.0s)
2026-03-04 19:25:35 | INFO | Execução Final — tempo total: 120.2s
